2025-08-06 23:18:57,929 - INFO - Starting bot polling...
2025-08-06 23:19:02,803 - INFO - HTTP Request: GET https://desgxzdvmuwywlfguzpz.supabase.co/rest/v1/users?select=telegram_id&telegram_id=eq.1893888757 "HTTP/2 200 OK"
2025-08-06 23:19:02,905 - INFO - HTTP Request: GET https://desgxzdvmuwywlfguzpz.supabase.co/rest/v1/users?select=role&telegram_id=eq.1893888757 "HTTP/2 200 OK"
2025-08-06 23:19:03,236 - INFO - HTTP Request: GET https://desgxzdvmuwywlfguzpz.supabase.co/rest/v1/users?select=role&telegram_id=eq.1893888757 "HTTP/2 200 OK"
2025-08-06 23:19:10,777 - INFO - HTTP Request: GET https://desgxzdvmuwywlfguzpz.supabase.co/rest/v1/users?select=last_name%2Cfirst_name%2Csurname%2Cphone_number%2Cstate_id&role=eq.driver&state_id=eq.5&is_on_shift=eq.True "HTTP/2 200 OK"
2025-08-06 23:19:10,991 - INFO - HTTP Request: GET https://desgxzdvmuwywlfguzpz.supabase.co/rest/v1/users?select=role&telegram_id=eq.1893888757 "HTTP/2 200 OK"
2025-08-06 23:19:13,063 - INFO - HTTP Request: GET https://desgxzdvmuwywlfguzpz.supabase.co/rest/v1/users?select=last_name%2Cfirst_name%2Csurname%2Cphone_number%2Cstate_id&role=eq.driver&is_on_shift=eq.True&state_id=in.%281%2C2%2C3%2C4%2C5%29 "HTTP/2 200 OK"
2025-08-06 23:19:13,404 - INFO - HTTP Request: GET https://desgxzdvmuwywlfguzpz.supabase.co/rest/v1/users?select=role&telegram_id=eq.1893888757 "HTTP/2 200 OK"
2025-08-06 23:19:52,962 - INFO - HTTP Request: GET https://desgxzdvmuwywlfguzpz.supabase.co/rest/v1/users?select=last_name%2Cfirst_name%2Csurname%2Cphone_number%2Cstate_id&role=eq.driver&state_id=eq.5&is_on_shift=eq.True "HTTP/2 200 OK"
2025-08-06 23:19:53,393 - INFO - HTTP Request: GET https://desgxzdvmuwywlfguzpz.supabase.co/rest/v1/users?select=role&telegram_id=eq.1893888757 "HTTP/2 200 OK"
2025-08-06 23:19:54,879 - INFO - HTTP Request: GET https://desgxzdvmuwywlfguzpz.supabase.co/rest/v1/users?select=telegram_id&telegram_id=eq.1893888757 "HTTP/2 200 OK"
2025-08-06 23:19:54,915 - INFO - HTTP Request: GET https://desgxzdvmuwywlfguzpz.supabase.co/rest/v1/users?select=last_name%2Cfirst_name%2Csurname%2Cphone_number%2Cstate_id&role=eq.driver&is_on_shift=eq.True&state_id=in.%281%2C2%2C3%2C4%2C5%29 "HTTP/2 200 OK"
2025-08-06 23:19:54,974 - INFO - HTTP Request: GET https://desgxzdvmuwywlfguzpz.supabase.co/rest/v1/users?select=role&telegram_id=eq.1893888757 "HTTP/2 200 OK"
2025-08-06 23:19:55,123 - INFO - HTTP Request: GET https://desgxzdvmuwywlfguzpz.supabase.co/rest/v1/users?select=role&telegram_id=eq.1893888757 "HTTP/2 200 OK"
2025-08-06 23:19:55,150 - INFO - HTTP Request: GET https://desgxzdvmuwywlfguzpz.supabase.co/rest/v1/users?select=role&telegram_id=eq.1893888757 "HTTP/2 200 OK"
2025-08-06 23:19:58,642 - INFO - HTTP Request: GET https://desgxzdvmuwywlfguzpz.supabase.co/rest/v1/users?select=last_name%2Cfirst_name%2Csurname%2Cphone_number%2Cstate_id&role=eq.driver&state_id=eq.5&is_on_shift=eq.True "HTTP/2 200 OK"
2025-08-06 23:19:58,648 - INFO - HTTP Request: GET https://desgxzdvmuwywlfguzpz.supabase.co/rest/v1/users?select=last_name%2Cfirst_name%2Csurname%2Cphone_number%2Cstate_id&role=eq.driver&state_id=eq.5&is_on_shift=eq.True "HTTP/2 200 OK"
2025-08-06 23:19:58,967 - INFO - HTTP Request: GET https://desgxzdvmuwywlfguzpz.supabase.co/rest/v1/users?select=role&telegram_id=eq.1893888757 "HTTP/2 200 OK"
2025-08-06 23:19:59,337 - INFO - HTTP Request: GET https://desgxzdvmuwywlfguzpz.supabase.co/rest/v1/users?select=role&telegram_id=eq.1893888757 "HTTP/2 200 OK"
2025-08-06 23:20:04,447 - INFO - HTTP Request: GET https://desgxzdvmuwywlfguzpz.supabase.co/rest/v1/users?select=role&telegram_id=eq.1893888757 "HTTP/2 200 OK"
2025-08-06 23:20:04,469 - INFO - HTTP Request: GET https://desgxzdvmuwywlfguzpz.supabase.co/rest/v1/users?select=role&telegram_id=eq.1893888757 "HTTP/2 200 OK"
2025-08-06 23:20:53,265 - INFO - Starting bot polling...
2025-08-06 23:25:55,676 - INFO - Starting bot polling...
2025-08-06 23:26:02,491 - INFO - HTTP Request: GET https://desgxzdvmuwywlfguzpz.supabase.co/rest/v1/users?select=telegram_id&telegram_id=eq.1893888757 "HTTP/2 200 OK"
2025-08-06 23:26:02,702 - INFO - HTTP Request: GET https://desgxzdvmuwywlfguzpz.supabase.co/rest/v1/users?select=role&telegram_id=eq.1893888757 "HTTP/2 200 OK"
2025-08-06 23:26:03,024 - INFO - HTTP Request: GET https://desgxzdvmuwywlfguzpz.supabase.co/rest/v1/users?select=role&telegram_id=eq.1893888757 "HTTP/2 200 OK"
2025-08-06 23:26:05,488 - INFO - HTTP Request: GET https://desgxzdvmuwywlfguzpz.supabase.co/rest/v1/users?select=last_name%2Cfirst_name%2Csurname%2Cphone_number%2Cstate_id&role=eq.driver&is_on_shift=eq.True&state_id=in.%281%2C2%2C3%2C4%2C5%29 "HTTP/2 200 OK"
2025-08-06 23:26:05,887 - INFO - HTTP Request: GET https://desgxzdvmuwywlfguzpz.supabase.co/rest/v1/users?select=role&telegram_id=eq.1893888757 "HTTP/2 200 OK"
2025-08-06 23:28:11,719 - ERROR - Critical error: HTTPSConnectionPool(host='api.telegram.org', port=443): Read timed out. (read timeout=60)
Traceback (most recent call last):
  File "C:\Users\Ilia\Desktop\Rotinar\.venv\Lib\site-packages\urllib3\connectionpool.py", line 534, in _make_request
    response = conn.getresponse()
  File "C:\Users\Ilia\Desktop\Rotinar\.venv\Lib\site-packages\urllib3\connection.py", line 565, in getresponse
    httplib_response = super().getresponse()
  File "C:\Users\Ilia\AppData\Local\Programs\Python\Python313\Lib\http\client.py", line 1430, in getresponse
    response.begin()
    ~~~~~~~~~~~~~~^^
  File "C:\Users\Ilia\AppData\Local\Programs\Python\Python313\Lib\http\client.py", line 331, in begin
    version, status, reason = self._read_status()
                              ~~~~~~~~~~~~~~~~~^^
  File "C:\Users\Ilia\AppData\Local\Programs\Python\Python313\Lib\http\client.py", line 292, in _read_status
    line = str(self.fp.readline(_MAXLINE + 1), "iso-8859-1")
               ~~~~~~~~~~~~~~~~^^^^^^^^^^^^^^
  File "C:\Users\Ilia\AppData\Local\Programs\Python\Python313\Lib\socket.py", line 719, in readinto
    return self._sock.recv_into(b)
           ~~~~~~~~~~~~~~~~~~~~^^^
  File "C:\Users\Ilia\AppData\Local\Programs\Python\Python313\Lib\ssl.py", line 1304, in recv_into
    return self.read(nbytes, buffer)
           ~~~~~~~~~^^^^^^^^^^^^^^^^
  File "C:\Users\Ilia\AppData\Local\Programs\Python\Python313\Lib\ssl.py", line 1138, in read
    return self._sslobj.read(len, buffer)
           ~~~~~~~~~~~~~~~~~^^^^^^^^^^^^^
TimeoutError: The read operation timed out

The above exception was the direct cause of the following exception:

Traceback (most recent call last):
  File "C:\Users\Ilia\Desktop\Rotinar\.venv\Lib\site-packages\requests\adapters.py", line 667, in send
    resp = conn.urlopen(
        method=request.method,
    ...<9 lines>...
        chunked=chunked,
    )
  File "C:\Users\Ilia\Desktop\Rotinar\.venv\Lib\site-packages\urllib3\connectionpool.py", line 841, in urlopen
    retries = retries.increment(
        method, url, error=new_e, _pool=self, _stacktrace=sys.exc_info()[2]
    )
  File "C:\Users\Ilia\Desktop\Rotinar\.venv\Lib\site-packages\urllib3\util\retry.py", line 474, in increment
    raise reraise(type(error), error, _stacktrace)
          ~~~~~~~^^^^^^^^^^^^^^^^^^^^^^^^^^^^^^^^^
  File "C:\Users\Ilia\Desktop\Rotinar\.venv\Lib\site-packages\urllib3\util\util.py", line 39, in reraise
    raise value
  File "C:\Users\Ilia\Desktop\Rotinar\.venv\Lib\site-packages\urllib3\connectionpool.py", line 787, in urlopen
    response = self._make_request(
        conn,
    ...<10 lines>...
        **response_kw,
    )
  File "C:\Users\Ilia\Desktop\Rotinar\.venv\Lib\site-packages\urllib3\connectionpool.py", line 536, in _make_request
    self._raise_timeout(err=e, url=url, timeout_value=read_timeout)
    ~~~~~~~~~~~~~~~~~~~^^^^^^^^^^^^^^^^^^^^^^^^^^^^^^^^^^^^^^^^^^^^
  File "C:\Users\Ilia\Desktop\Rotinar\.venv\Lib\site-packages\urllib3\connectionpool.py", line 367, in _raise_timeout
    raise ReadTimeoutError(
        self, url, f"Read timed out. (read timeout={timeout_value})"
    ) from err
urllib3.exceptions.ReadTimeoutError: HTTPSConnectionPool(host='api.telegram.org', port=443): Read timed out. (read timeout=60)

During handling of the above exception, another exception occurred:

Traceback (most recent call last):
  File "C:\Users\Ilia\Desktop\Rotinar\app\main.py", line 256, in robust_polling
    bot.polling(
    ~~~~~~~~~~~^
        none_stop=True,
        ^^^^^^^^^^^^^^^
    ...<2 lines>...
        long_polling_timeout=30
        ^^^^^^^^^^^^^^^^^^^^^^^
    )
    ^
  File "C:\Users\Ilia\Desktop\Rotinar\.venv\Lib\site-packages\telebot\__init__.py", line 1198, in polling
    self.__threaded_polling(non_stop=non_stop, interval=interval, timeout=timeout, long_polling_timeout=long_polling_timeout,
    ~~~~~~~~~~~~~~~~~~~~~~~^^^^^^^^^^^^^^^^^^^^^^^^^^^^^^^^^^^^^^^^^^^^^^^^^^^^^^^^^^^^^^^^^^^^^^^^^^^^^^^^^^^^^^^^^^^^^^^^^^
                            logger_level=logger_level, allowed_updates=allowed_updates)
                            ^^^^^^^^^^^^^^^^^^^^^^^^^^^^^^^^^^^^^^^^^^^^^^^^^^^^^^^^^^^
  File "C:\Users\Ilia\Desktop\Rotinar\.venv\Lib\site-packages\telebot\__init__.py", line 1273, in __threaded_polling
    raise e
  File "C:\Users\Ilia\Desktop\Rotinar\.venv\Lib\site-packages\telebot\__init__.py", line 1234, in __threaded_polling
    polling_thread.raise_exceptions()
    ~~~~~~~~~~~~~~~~~~~~~~~~~~~~~~~^^
  File "C:\Users\Ilia\Desktop\Rotinar\.venv\Lib\site-packages\telebot\util.py", line 111, in raise_exceptions
    raise self.exception_info
  File "C:\Users\Ilia\Desktop\Rotinar\.venv\Lib\site-packages\telebot\util.py", line 93, in run
    task(*args, **kwargs)
    ~~~~^^^^^^^^^^^^^^^^^
  File "C:\Users\Ilia\Desktop\Rotinar\.venv\Lib\site-packages\telebot\__init__.py", line 688, in __retrieve_updates
    updates = self.get_updates(offset=(self.last_update_id + 1),
                               allowed_updates=allowed_updates,
                               timeout=timeout, long_polling_timeout=long_polling_timeout)
  File "C:\Users\Ilia\Desktop\Rotinar\.venv\Lib\site-packages\telebot\__init__.py", line 660, in get_updates
    json_updates = apihelper.get_updates(
        self.token, offset=offset, limit=limit, timeout=timeout, allowed_updates=allowed_updates,
        long_polling_timeout=long_polling_timeout)
  File "C:\Users\Ilia\Desktop\Rotinar\.venv\Lib\site-packages\telebot\apihelper.py", line 332, in get_updates
    return _make_request(token, method_url, params=payload)
  File "C:\Users\Ilia\Desktop\Rotinar\.venv\Lib\site-packages\telebot\apihelper.py", line 162, in _make_request
    result = _get_req_session().request(
        method, request_url, params=params, files=files,
        timeout=(connect_timeout, read_timeout), proxies=proxy)
  File "C:\Users\Ilia\Desktop\Rotinar\.venv\Lib\site-packages\requests\sessions.py", line 589, in request
    resp = self.send(prep, **send_kwargs)
  File "C:\Users\Ilia\Desktop\Rotinar\.venv\Lib\site-packages\requests\sessions.py", line 703, in send
    r = adapter.send(request, **kwargs)
  File "C:\Users\Ilia\Desktop\Rotinar\.venv\Lib\site-packages\requests\adapters.py", line 713, in send
    raise ReadTimeout(e, request=request)
requests.exceptions.ReadTimeout: HTTPSConnectionPool(host='api.telegram.org', port=443): Read timed out. (read timeout=60)
2025-08-06 23:28:11,770 - INFO - Restarting in 10 seconds...
2025-08-06 23:28:21,771 - INFO - Starting bot polling...
2025-08-06 23:28:24,365 - INFO - HTTP Request: GET https://desgxzdvmuwywlfguzpz.supabase.co/rest/v1/users?select=last_name%2Cfirst_name%2Csurname%2Cphone_number%2Cstate_id&role=eq.driver&state_id=eq.5&is_on_shift=eq.True "HTTP/2 200 OK"
2025-08-06 23:28:24,606 - INFO - HTTP Request: GET https://desgxzdvmuwywlfguzpz.supabase.co/rest/v1/users?select=role&telegram_id=eq.1893888757 "HTTP/2 200 OK"
2025-08-06 23:52:02,687 - INFO - Starting bot polling...
2025-08-06 23:52:43,367 - INFO - HTTP Request: GET https://desgxzdvmuwywlfguzpz.supabase.co/rest/v1/users?select=role&telegram_id=eq.1893888757 "HTTP/2 200 OK"
2025-08-06 23:52:45,794 - INFO - HTTP Request: GET https://desgxzdvmuwywlfguzpz.supabase.co/rest/v1/users?select=telegram_id&telegram_id=eq.1893888757 "HTTP/2 200 OK"
2025-08-06 23:52:52,122 - INFO - HTTP Request: GET https://desgxzdvmuwywlfguzpz.supabase.co/rest/v1/users?select=phone_number&phone_number=eq.89999999999 "HTTP/2 200 OK"
2025-08-06 23:53:02,239 - INFO - HTTP Request: GET https://desgxzdvmuwywlfguzpz.supabase.co/rest/v1/users?select=phone_number&phone_number=eq.89683606929 "HTTP/2 200 OK"
2025-08-06 23:53:02,396 - INFO - HTTP Request: PATCH https://desgxzdvmuwywlfguzpz.supabase.co/rest/v1/users?phone_number=eq.89683606929 "HTTP/2 200 OK"
2025-08-06 23:53:02,542 - INFO - HTTP Request: GET https://desgxzdvmuwywlfguzpz.supabase.co/rest/v1/users?select=role&telegram_id=eq.1893888757 "HTTP/2 200 OK"
2025-08-06 23:53:02,816 - INFO - HTTP Request: GET https://desgxzdvmuwywlfguzpz.supabase.co/rest/v1/users?select=telegram_id&telegram_id=eq.1893888757 "HTTP/2 200 OK"
2025-08-06 23:53:02,912 - INFO - HTTP Request: GET https://desgxzdvmuwywlfguzpz.supabase.co/rest/v1/users?select=role&telegram_id=eq.1893888757 "HTTP/2 200 OK"
2025-08-06 23:53:03,139 - INFO - HTTP Request: GET https://desgxzdvmuwywlfguzpz.supabase.co/rest/v1/users?select=role&telegram_id=eq.1893888757 "HTTP/2 200 OK"
2025-08-06 23:53:04,670 - INFO - HTTP Request: GET https://desgxzdvmuwywlfguzpz.supabase.co/rest/v1/users?select=last_name%2Cfirst_name%2Csurname%2Cphone_number%2Cstate_id&role=eq.driver&is_on_shift=eq.True&state_id=in.%281%2C2%2C3%2C4%2C5%29 "HTTP/2 200 OK"
2025-08-06 23:53:04,846 - INFO - HTTP Request: GET https://desgxzdvmuwywlfguzpz.supabase.co/rest/v1/users?select=role&telegram_id=eq.1893888757 "HTTP/2 200 OK"
2025-08-06 23:53:08,355 - INFO - HTTP Request: GET https://desgxzdvmuwywlfguzpz.supabase.co/rest/v1/users?select=last_name%2Cfirst_name%2Csurname%2Cphone_number%2Cstate_id&role=eq.driver&state_id=eq.5&is_on_shift=eq.True "HTTP/2 200 OK"
2025-08-06 23:53:08,618 - INFO - HTTP Request: GET https://desgxzdvmuwywlfguzpz.supabase.co/rest/v1/users?select=role&telegram_id=eq.1893888757 "HTTP/2 200 OK"
2025-08-06 23:53:18,460 - INFO - HTTP Request: GET https://desgxzdvmuwywlfguzpz.supabase.co/rest/v1/users?select=role&telegram_id=eq.1893888757 "HTTP/2 200 OK"
2025-08-06 23:53:20,374 - INFO - HTTP Request: GET https://desgxzdvmuwywlfguzpz.supabase.co/rest/v1/users?select=last_name%2Cfirst_name%2Csurname%2Cphone_number%2Cstate_id&role=eq.driver&is_on_shift=eq.True&state_id=in.%281%2C2%2C3%2C4%2C5%29 "HTTP/2 200 OK"
2025-08-06 23:53:20,636 - INFO - HTTP Request: GET https://desgxzdvmuwywlfguzpz.supabase.co/rest/v1/users?select=role&telegram_id=eq.1893888757 "HTTP/2 200 OK"
2025-08-06 23:53:23,201 - INFO - HTTP Request: GET https://desgxzdvmuwywlfguzpz.supabase.co/rest/v1/users?select=role&telegram_id=eq.1893888757 "HTTP/2 200 OK"
2025-08-06 23:53:25,570 - INFO - HTTP Request: GET https://desgxzdvmuwywlfguzpz.supabase.co/rest/v1/users?select=last_name%2Cfirst_name%2Csurname%2Cphone_number%2Cstate_id&role=eq.driver&is_on_shift=eq.True&state_id=in.%281%2C2%2C3%2C4%2C5%29 "HTTP/2 200 OK"
2025-08-06 23:53:25,792 - INFO - HTTP Request: GET https://desgxzdvmuwywlfguzpz.supabase.co/rest/v1/users?select=role&telegram_id=eq.1893888757 "HTTP/2 200 OK"
2025-08-06 23:53:55,263 - INFO - HTTP Request: GET https://desgxzdvmuwywlfguzpz.supabase.co/rest/v1/users?select=last_name%2Cfirst_name%2Csurname%2Cphone_number%2Cstate_id&role=eq.driver&is_on_shift=eq.True&state_id=in.%281%2C2%2C3%2C4%2C5%29 "HTTP/2 200 OK"
2025-08-06 23:53:55,707 - INFO - HTTP Request: GET https://desgxzdvmuwywlfguzpz.supabase.co/rest/v1/users?select=role&telegram_id=eq.1893888757 "HTTP/2 200 OK"
2025-08-06 23:54:04,714 - INFO - HTTP Request: GET https://desgxzdvmuwywlfguzpz.supabase.co/rest/v1/users?select=telegram_id&telegram_id=eq.1893888757 "HTTP/2 200 OK"
2025-08-06 23:54:04,895 - INFO - HTTP Request: GET https://desgxzdvmuwywlfguzpz.supabase.co/rest/v1/users?select=role&telegram_id=eq.1893888757 "HTTP/2 200 OK"
2025-08-06 23:54:05,118 - INFO - HTTP Request: GET https://desgxzdvmuwywlfguzpz.supabase.co/rest/v1/users?select=role&telegram_id=eq.1893888757 "HTTP/2 200 OK"
2025-08-06 23:54:05,261 - INFO - HTTP Request: GET https://desgxzdvmuwywlfguzpz.supabase.co/rest/v1/users?select=is_on_shift&telegram_id=eq.1893888757 "HTTP/2 200 OK"
2025-08-06 23:54:05,430 - INFO - HTTP Request: GET https://desgxzdvmuwywlfguzpz.supabase.co/rest/v1/users?select=state_id&telegram_id=eq.1893888757 "HTTP/2 200 OK"
2025-08-06 23:54:06,922 - INFO - HTTP Request: PATCH https://desgxzdvmuwywlfguzpz.supabase.co/rest/v1/users?telegram_id=eq.1893888757 "HTTP/2 200 OK"
2025-08-06 23:54:07,199 - INFO - HTTP Request: GET https://desgxzdvmuwywlfguzpz.supabase.co/rest/v1/users?select=role&telegram_id=eq.1893888757 "HTTP/2 200 OK"
2025-08-06 23:54:07,657 - INFO - HTTP Request: GET https://desgxzdvmuwywlfguzpz.supabase.co/rest/v1/users?select=is_on_shift&telegram_id=eq.1893888757 "HTTP/2 200 OK"
2025-08-06 23:54:07,741 - INFO - HTTP Request: GET https://desgxzdvmuwywlfguzpz.supabase.co/rest/v1/users?select=state_id&telegram_id=eq.1893888757 "HTTP/2 200 OK"
2025-08-06 23:54:09,744 - INFO - HTTP Request: PATCH https://desgxzdvmuwywlfguzpz.supabase.co/rest/v1/users?telegram_id=eq.1893888757 "HTTP/2 200 OK"
2025-08-06 23:54:09,950 - INFO - HTTP Request: GET https://desgxzdvmuwywlfguzpz.supabase.co/rest/v1/users?select=role&telegram_id=eq.1893888757 "HTTP/2 200 OK"
2025-08-06 23:54:10,381 - INFO - HTTP Request: GET https://desgxzdvmuwywlfguzpz.supabase.co/rest/v1/users?select=is_on_shift&telegram_id=eq.1893888757 "HTTP/2 200 OK"
2025-08-06 23:54:10,538 - INFO - HTTP Request: GET https://desgxzdvmuwywlfguzpz.supabase.co/rest/v1/users?select=state_id&telegram_id=eq.1893888757 "HTTP/2 200 OK"
2025-08-06 23:54:12,056 - INFO - HTTP Request: PATCH https://desgxzdvmuwywlfguzpz.supabase.co/rest/v1/users?telegram_id=eq.1893888757 "HTTP/2 200 OK"
2025-08-06 23:54:12,281 - INFO - HTTP Request: GET https://desgxzdvmuwywlfguzpz.supabase.co/rest/v1/users?select=role&telegram_id=eq.1893888757 "HTTP/2 200 OK"
2025-08-06 23:54:12,372 - INFO - HTTP Request: GET https://desgxzdvmuwywlfguzpz.supabase.co/rest/v1/users?select=is_on_shift&telegram_id=eq.1893888757 "HTTP/2 200 OK"
2025-08-06 23:54:12,483 - INFO - HTTP Request: GET https://desgxzdvmuwywlfguzpz.supabase.co/rest/v1/users?select=state_id&telegram_id=eq.1893888757 "HTTP/2 200 OK"
2025-08-06 23:54:17,141 - INFO - HTTP Request: PATCH https://desgxzdvmuwywlfguzpz.supabase.co/rest/v1/users?telegram_id=eq.1893888757 "HTTP/2 200 OK"
2025-08-06 23:54:17,311 - INFO - HTTP Request: GET https://desgxzdvmuwywlfguzpz.supabase.co/rest/v1/users?select=role&telegram_id=eq.1893888757 "HTTP/2 200 OK"
2025-08-06 23:54:17,402 - INFO - HTTP Request: GET https://desgxzdvmuwywlfguzpz.supabase.co/rest/v1/users?select=is_on_shift&telegram_id=eq.1893888757 "HTTP/2 200 OK"
2025-08-06 23:54:17,502 - INFO - HTTP Request: GET https://desgxzdvmuwywlfguzpz.supabase.co/rest/v1/users?select=state_id&telegram_id=eq.1893888757 "HTTP/2 200 OK"
2025-08-06 23:54:19,189 - INFO - HTTP Request: PATCH https://desgxzdvmuwywlfguzpz.supabase.co/rest/v1/users?telegram_id=eq.1893888757 "HTTP/2 200 OK"
2025-08-06 23:54:19,348 - INFO - HTTP Request: GET https://desgxzdvmuwywlfguzpz.supabase.co/rest/v1/users?select=role&telegram_id=eq.1893888757 "HTTP/2 200 OK"
2025-08-06 23:54:19,426 - INFO - HTTP Request: GET https://desgxzdvmuwywlfguzpz.supabase.co/rest/v1/users?select=is_on_shift&telegram_id=eq.1893888757 "HTTP/2 200 OK"
2025-08-06 23:54:19,507 - INFO - HTTP Request: GET https://desgxzdvmuwywlfguzpz.supabase.co/rest/v1/users?select=state_id&telegram_id=eq.1893888757 "HTTP/2 200 OK"
2025-08-06 23:54:21,460 - INFO - HTTP Request: PATCH https://desgxzdvmuwywlfguzpz.supabase.co/rest/v1/users?telegram_id=eq.1893888757 "HTTP/2 200 OK"
2025-08-06 23:54:21,620 - INFO - HTTP Request: GET https://desgxzdvmuwywlfguzpz.supabase.co/rest/v1/users?select=role&telegram_id=eq.1893888757 "HTTP/2 200 OK"
2025-08-06 23:54:21,705 - INFO - HTTP Request: GET https://desgxzdvmuwywlfguzpz.supabase.co/rest/v1/users?select=is_on_shift&telegram_id=eq.1893888757 "HTTP/2 200 OK"
2025-08-06 23:54:21,797 - INFO - HTTP Request: GET https://desgxzdvmuwywlfguzpz.supabase.co/rest/v1/users?select=state_id&telegram_id=eq.1893888757 "HTTP/2 200 OK"
2025-08-06 23:54:23,347 - INFO - HTTP Request: PATCH https://desgxzdvmuwywlfguzpz.supabase.co/rest/v1/users?telegram_id=eq.1893888757 "HTTP/2 200 OK"
2025-08-06 23:54:23,513 - INFO - HTTP Request: GET https://desgxzdvmuwywlfguzpz.supabase.co/rest/v1/users?select=role&telegram_id=eq.1893888757 "HTTP/2 200 OK"
2025-08-06 23:54:23,640 - INFO - HTTP Request: GET https://desgxzdvmuwywlfguzpz.supabase.co/rest/v1/users?select=is_on_shift&telegram_id=eq.1893888757 "HTTP/2 200 OK"
2025-08-06 23:54:23,739 - INFO - HTTP Request: GET https://desgxzdvmuwywlfguzpz.supabase.co/rest/v1/users?select=state_id&telegram_id=eq.1893888757 "HTTP/2 200 OK"
2025-08-06 23:54:25,360 - INFO - HTTP Request: PATCH https://desgxzdvmuwywlfguzpz.supabase.co/rest/v1/users?telegram_id=eq.1893888757 "HTTP/2 200 OK"
2025-08-06 23:54:25,586 - INFO - HTTP Request: GET https://desgxzdvmuwywlfguzpz.supabase.co/rest/v1/users?select=role&telegram_id=eq.1893888757 "HTTP/2 200 OK"
2025-08-06 23:54:25,663 - INFO - HTTP Request: GET https://desgxzdvmuwywlfguzpz.supabase.co/rest/v1/users?select=is_on_shift&telegram_id=eq.1893888757 "HTTP/2 200 OK"
2025-08-06 23:54:25,762 - INFO - HTTP Request: GET https://desgxzdvmuwywlfguzpz.supabase.co/rest/v1/users?select=state_id&telegram_id=eq.1893888757 "HTTP/2 200 OK"
2025-08-06 23:54:27,604 - INFO - HTTP Request: PATCH https://desgxzdvmuwywlfguzpz.supabase.co/rest/v1/users?telegram_id=eq.1893888757 "HTTP/2 200 OK"
2025-08-06 23:54:27,787 - INFO - HTTP Request: GET https://desgxzdvmuwywlfguzpz.supabase.co/rest/v1/users?select=role&telegram_id=eq.1893888757 "HTTP/2 200 OK"
2025-08-06 23:54:27,861 - INFO - HTTP Request: GET https://desgxzdvmuwywlfguzpz.supabase.co/rest/v1/users?select=is_on_shift&telegram_id=eq.1893888757 "HTTP/2 200 OK"
2025-08-06 23:54:27,990 - INFO - HTTP Request: GET https://desgxzdvmuwywlfguzpz.supabase.co/rest/v1/users?select=state_id&telegram_id=eq.1893888757 "HTTP/2 200 OK"
2025-08-06 23:55:49,984 - INFO - Starting bot polling...
2025-08-06 23:55:55,192 - INFO - Starting bot polling...
2025-08-07 00:47:45,187 - INFO - Starting bot polling...
2025-08-07 00:48:08,013 - INFO - HTTP Request: GET https://desgxzdvmuwywlfguzpz.supabase.co/rest/v1/users?select=telegram_id&telegram_id=eq.1893888757 "HTTP/2 200 OK"
2025-08-07 00:48:08,287 - INFO - HTTP Request: GET https://desgxzdvmuwywlfguzpz.supabase.co/rest/v1/users?select=role&telegram_id=eq.1893888757 "HTTP/2 200 OK"
2025-08-07 00:48:08,588 - INFO - HTTP Request: GET https://desgxzdvmuwywlfguzpz.supabase.co/rest/v1/users?select=role&telegram_id=eq.1893888757 "HTTP/2 200 OK"
2025-08-07 00:48:08,734 - INFO - HTTP Request: GET https://desgxzdvmuwywlfguzpz.supabase.co/rest/v1/users?select=is_on_shift&telegram_id=eq.1893888757 "HTTP/2 200 OK"
2025-08-07 00:48:08,943 - INFO - HTTP Request: GET https://desgxzdvmuwywlfguzpz.supabase.co/rest/v1/users?select=state_id&telegram_id=eq.1893888757 "HTTP/2 200 OK"
2025-08-07 00:48:10,668 - INFO - HTTP Request: PATCH https://desgxzdvmuwywlfguzpz.supabase.co/rest/v1/users?telegram_id=eq.1893888757 "HTTP/2 200 OK"
2025-08-07 00:48:11,158 - INFO - HTTP Request: GET https://desgxzdvmuwywlfguzpz.supabase.co/rest/v1/users?select=role&telegram_id=eq.1893888757 "HTTP/2 200 OK"
2025-08-07 00:48:11,237 - INFO - HTTP Request: GET https://desgxzdvmuwywlfguzpz.supabase.co/rest/v1/users?select=is_on_shift&telegram_id=eq.1893888757 "HTTP/2 200 OK"
2025-08-07 00:48:11,377 - INFO - HTTP Request: GET https://desgxzdvmuwywlfguzpz.supabase.co/rest/v1/users?select=state_id&telegram_id=eq.1893888757 "HTTP/2 200 OK"
2025-08-07 00:48:12,701 - INFO - HTTP Request: PATCH https://desgxzdvmuwywlfguzpz.supabase.co/rest/v1/users?telegram_id=eq.1893888757 "HTTP/2 200 OK"
2025-08-07 00:48:12,967 - INFO - HTTP Request: GET https://desgxzdvmuwywlfguzpz.supabase.co/rest/v1/users?select=role&telegram_id=eq.1893888757 "HTTP/2 200 OK"
2025-08-07 00:48:13,107 - INFO - HTTP Request: GET https://desgxzdvmuwywlfguzpz.supabase.co/rest/v1/users?select=is_on_shift&telegram_id=eq.1893888757 "HTTP/2 200 OK"
2025-08-07 00:48:13,306 - INFO - HTTP Request: GET https://desgxzdvmuwywlfguzpz.supabase.co/rest/v1/users?select=state_id&telegram_id=eq.1893888757 "HTTP/2 200 OK"
2025-08-07 00:48:14,709 - INFO - HTTP Request: PATCH https://desgxzdvmuwywlfguzpz.supabase.co/rest/v1/users?telegram_id=eq.1893888757 "HTTP/2 200 OK"
2025-08-07 00:48:14,871 - INFO - HTTP Request: GET https://desgxzdvmuwywlfguzpz.supabase.co/rest/v1/users?select=role&telegram_id=eq.1893888757 "HTTP/2 200 OK"
2025-08-07 00:48:14,950 - INFO - HTTP Request: GET https://desgxzdvmuwywlfguzpz.supabase.co/rest/v1/users?select=is_on_shift&telegram_id=eq.1893888757 "HTTP/2 200 OK"
2025-08-07 00:48:15,078 - INFO - HTTP Request: GET https://desgxzdvmuwywlfguzpz.supabase.co/rest/v1/users?select=state_id&telegram_id=eq.1893888757 "HTTP/2 200 OK"
2025-08-07 00:58:46,549 - INFO - HTTP Request: PATCH https://desgxzdvmuwywlfguzpz.supabase.co/rest/v1/users?telegram_id=eq.1893888757 "HTTP/2 200 OK"
2025-08-07 00:58:46,869 - INFO - HTTP Request: GET https://desgxzdvmuwywlfguzpz.supabase.co/rest/v1/users?select=role&telegram_id=eq.1893888757 "HTTP/2 200 OK"
2025-08-07 00:58:47,163 - INFO - HTTP Request: GET https://desgxzdvmuwywlfguzpz.supabase.co/rest/v1/users?select=is_on_shift&telegram_id=eq.1893888757 "HTTP/2 200 OK"
2025-08-07 00:58:47,304 - INFO - HTTP Request: GET https://desgxzdvmuwywlfguzpz.supabase.co/rest/v1/users?select=state_id&telegram_id=eq.1893888757 "HTTP/2 200 OK"
2025-08-07 00:58:47,923 - INFO - HTTP Request: PATCH https://desgxzdvmuwywlfguzpz.supabase.co/rest/v1/users?telegram_id=eq.1893888757 "HTTP/2 200 OK"
2025-08-07 00:58:48,108 - INFO - HTTP Request: GET https://desgxzdvmuwywlfguzpz.supabase.co/rest/v1/users?select=role&telegram_id=eq.1893888757 "HTTP/2 200 OK"
2025-08-07 00:58:48,252 - INFO - HTTP Request: GET https://desgxzdvmuwywlfguzpz.supabase.co/rest/v1/users?select=is_on_shift&telegram_id=eq.1893888757 "HTTP/2 200 OK"
2025-08-07 00:58:48,327 - INFO - HTTP Request: GET https://desgxzdvmuwywlfguzpz.supabase.co/rest/v1/users?select=state_id&telegram_id=eq.1893888757 "HTTP/2 200 OK"
2025-08-07 00:58:53,984 - INFO - HTTP Request: GET https://desgxzdvmuwywlfguzpz.supabase.co/rest/v1/users?select=role&telegram_id=eq.1893888757 "HTTP/2 200 OK"
2025-08-07 00:58:54,131 - INFO - HTTP Request: GET https://desgxzdvmuwywlfguzpz.supabase.co/rest/v1/users?select=is_on_shift&telegram_id=eq.1893888757 "HTTP/2 200 OK"
2025-08-07 00:58:54,208 - INFO - HTTP Request: GET https://desgxzdvmuwywlfguzpz.supabase.co/rest/v1/users?select=state_id&telegram_id=eq.1893888757 "HTTP/2 200 OK"
2025-08-07 00:58:56,617 - INFO - HTTP Request: GET https://desgxzdvmuwywlfguzpz.supabase.co/rest/v1/users?select=role&telegram_id=eq.1893888757 "HTTP/2 200 OK"
2025-08-07 00:58:56,700 - INFO - HTTP Request: GET https://desgxzdvmuwywlfguzpz.supabase.co/rest/v1/users?select=is_on_shift&telegram_id=eq.1893888757 "HTTP/2 200 OK"
2025-08-07 00:58:56,771 - INFO - HTTP Request: GET https://desgxzdvmuwywlfguzpz.supabase.co/rest/v1/users?select=state_id&telegram_id=eq.1893888757 "HTTP/2 200 OK"
2025-08-07 00:59:04,908 - INFO - HTTP Request: PATCH https://desgxzdvmuwywlfguzpz.supabase.co/rest/v1/users?telegram_id=eq.1893888757 "HTTP/2 200 OK"
2025-08-07 00:59:05,138 - INFO - HTTP Request: GET https://desgxzdvmuwywlfguzpz.supabase.co/rest/v1/users?select=role&telegram_id=eq.1893888757 "HTTP/2 200 OK"
2025-08-07 00:59:05,301 - INFO - HTTP Request: GET https://desgxzdvmuwywlfguzpz.supabase.co/rest/v1/users?select=is_on_shift&telegram_id=eq.1893888757 "HTTP/2 200 OK"
2025-08-07 00:59:05,387 - INFO - HTTP Request: GET https://desgxzdvmuwywlfguzpz.supabase.co/rest/v1/users?select=state_id&telegram_id=eq.1893888757 "HTTP/2 200 OK"
2025-08-07 00:59:06,859 - INFO - HTTP Request: PATCH https://desgxzdvmuwywlfguzpz.supabase.co/rest/v1/users?telegram_id=eq.1893888757 "HTTP/2 200 OK"
2025-08-07 00:59:07,071 - INFO - HTTP Request: GET https://desgxzdvmuwywlfguzpz.supabase.co/rest/v1/users?select=role&telegram_id=eq.1893888757 "HTTP/2 200 OK"
2025-08-07 00:59:07,148 - INFO - HTTP Request: GET https://desgxzdvmuwywlfguzpz.supabase.co/rest/v1/users?select=is_on_shift&telegram_id=eq.1893888757 "HTTP/2 200 OK"
2025-08-07 00:59:07,233 - INFO - HTTP Request: GET https://desgxzdvmuwywlfguzpz.supabase.co/rest/v1/users?select=state_id&telegram_id=eq.1893888757 "HTTP/2 200 OK"
2025-08-07 00:59:44,027 - INFO - HTTP Request: GET https://desgxzdvmuwywlfguzpz.supabase.co/rest/v1/users?select=role&telegram_id=eq.1893888757 "HTTP/2 200 OK"
2025-08-07 00:59:47,005 - INFO - HTTP Request: GET https://desgxzdvmuwywlfguzpz.supabase.co/rest/v1/users?select=telegram_id&telegram_id=eq.1893888757 "HTTP/2 200 OK"
2025-08-07 00:59:47,145 - INFO - HTTP Request: GET https://desgxzdvmuwywlfguzpz.supabase.co/rest/v1/users?select=role&telegram_id=eq.1893888757 "HTTP/2 200 OK"
2025-08-07 00:59:47,393 - INFO - HTTP Request: GET https://desgxzdvmuwywlfguzpz.supabase.co/rest/v1/users?select=role&telegram_id=eq.1893888757 "HTTP/2 200 OK"
2025-08-07 00:59:49,091 - INFO - HTTP Request: GET https://desgxzdvmuwywlfguzpz.supabase.co/rest/v1/users?select=last_name%2Cfirst_name%2Csurname%2Cphone_number%2Cstate_id&role=eq.driver&is_on_shift=eq.True&state_id=in.%281%2C2%2C3%2C4%2C5%29 "HTTP/2 200 OK"
2025-08-07 00:59:49,702 - INFO - HTTP Request: GET https://desgxzdvmuwywlfguzpz.supabase.co/rest/v1/users?select=role&telegram_id=eq.1893888757 "HTTP/2 200 OK"
2025-08-07 00:59:51,103 - INFO - HTTP Request: GET https://desgxzdvmuwywlfguzpz.supabase.co/rest/v1/users?select=last_name%2Cfirst_name%2Csurname%2Cphone_number%2Cstate_id&role=eq.driver&state_id=eq.5&is_on_shift=eq.True "HTTP/2 200 OK"
2025-08-07 00:59:51,300 - INFO - HTTP Request: GET https://desgxzdvmuwywlfguzpz.supabase.co/rest/v1/users?select=role&telegram_id=eq.1893888757 "HTTP/2 200 OK"
2025-08-07 01:02:04,317 - INFO - Starting bot polling...
2025-08-07 01:02:12,168 - INFO - HTTP Request: GET https://desgxzdvmuwywlfguzpz.supabase.co/rest/v1/users?select=last_name%2Cfirst_name%2Csurname%2Cphone_number%2Cstate_id&role=eq.driver&is_on_shift=eq.True&state_id=in.%281%2C2%2C3%2C4%2C5%29 "HTTP/2 200 OK"
2025-08-07 01:02:12,370 - INFO - HTTP Request: GET https://desgxzdvmuwywlfguzpz.supabase.co/rest/v1/users?select=role&telegram_id=eq.1893888757 "HTTP/2 200 OK"
2025-08-07 01:02:16,954 - INFO - HTTP Request: GET https://desgxzdvmuwywlfguzpz.supabase.co/rest/v1/users?select=last_name%2Cfirst_name%2Csurname%2Cphone_number%2Cstate_id&role=eq.driver&state_id=eq.5&is_on_shift=eq.True "HTTP/2 200 OK"
2025-08-07 01:02:17,114 - INFO - HTTP Request: GET https://desgxzdvmuwywlfguzpz.supabase.co/rest/v1/users?select=role&telegram_id=eq.1893888757 "HTTP/2 200 OK"
2025-08-07 01:02:19,012 - INFO - HTTP Request: GET https://desgxzdvmuwywlfguzpz.supabase.co/rest/v1/users?select=last_name%2Cfirst_name%2Csurname%2Cphone_number%2Cstate_id&role=eq.driver&is_on_shift=eq.True&state_id=in.%281%2C2%2C3%2C4%2C5%29 "HTTP/2 200 OK"
2025-08-07 01:02:19,190 - INFO - HTTP Request: GET https://desgxzdvmuwywlfguzpz.supabase.co/rest/v1/users?select=role&telegram_id=eq.1893888757 "HTTP/2 200 OK"
2025-08-07 01:02:41,027 - INFO - HTTP Request: GET https://desgxzdvmuwywlfguzpz.supabase.co/rest/v1/users?select=last_name%2Cfirst_name%2Csurname%2Cphone_number%2Cstate_id&role=eq.driver&is_on_shift=eq.True&state_id=in.%281%2C2%2C3%2C4%2C5%29 "HTTP/2 200 OK"
2025-08-07 01:02:41,232 - INFO - HTTP Request: GET https://desgxzdvmuwywlfguzpz.supabase.co/rest/v1/users?select=role&telegram_id=eq.1893888757 "HTTP/2 200 OK"
2025-08-07 01:03:00,330 - INFO - Starting bot polling...
2025-08-07 01:04:26,875 - INFO - Starting bot polling...
2025-08-07 01:05:19,315 - INFO - Starting bot polling...
2025-08-07 01:07:08,653 - INFO - Starting bot polling...
2025-08-07 01:07:50,860 - INFO - Starting bot polling...
2025-08-07 01:08:36,798 - INFO - Starting bot polling...
2025-08-07 01:09:04,207 - INFO - Starting bot polling...
2025-08-07 01:13:43,737 - INFO - Starting bot polling...
2025-08-07 01:14:03,905 - INFO - Starting bot polling...
2025-08-07 01:14:17,775 - INFO - Starting bot polling...
2025-08-07 01:16:01,963 - INFO - HTTP Request: GET https://desgxzdvmuwywlfguzpz.supabase.co/rest/v1/users?select=telegram_id&telegram_id=eq.1893888757 "HTTP/2 200 OK"
2025-08-07 01:16:02,136 - INFO - HTTP Request: GET https://desgxzdvmuwywlfguzpz.supabase.co/rest/v1/users?select=role&telegram_id=eq.1893888757 "HTTP/2 200 OK"
2025-08-07 01:16:03,722 - INFO - Restarting in 10 seconds...
2025-08-07 01:16:10,752 - INFO - HTTP Request: GET https://desgxzdvmuwywlfguzpz.supabase.co/rest/v1/users?select=telegram_id&telegram_id=eq.1893888757 "HTTP/2 200 OK"
2025-08-07 01:16:10,971 - INFO - HTTP Request: GET https://desgxzdvmuwywlfguzpz.supabase.co/rest/v1/users?select=role&telegram_id=eq.1893888757 "HTTP/2 200 OK"
2025-08-07 01:16:13,723 - INFO - Starting bot polling...
2025-08-07 01:16:17,108 - INFO - Restarting in 10 seconds...
2025-08-07 01:16:27,109 - INFO - Starting bot polling...
2025-08-07 01:19:55,523 - INFO - Starting bot polling...
2025-08-07 01:20:28,713 - INFO - HTTP Request: GET https://desgxzdvmuwywlfguzpz.supabase.co/rest/v1/users?select=telegram_id&telegram_id=eq.1893888757 "HTTP/2 200 OK"
2025-08-07 01:20:28,868 - INFO - HTTP Request: GET https://desgxzdvmuwywlfguzpz.supabase.co/rest/v1/users?select=role&telegram_id=eq.1893888757 "HTTP/2 200 OK"
2025-08-07 01:20:29,218 - INFO - HTTP Request: GET https://desgxzdvmuwywlfguzpz.supabase.co/rest/v1/users?select=role&telegram_id=eq.1893888757 "HTTP/2 200 OK"
2025-08-07 01:20:31,335 - INFO - HTTP Request: GET https://desgxzdvmuwywlfguzpz.supabase.co/rest/v1/users?select=last_name%2Cfirst_name%2Csurname%2Cphone_number%2Cstate_id&role=eq.driver&is_on_shift=eq.True&state_id=in.%281%2C2%2C3%2C4%2C5%29 "HTTP/2 200 OK"
2025-08-07 09:12:00,566 - ERROR - Network error: ('Connection aborted.', ConnectionResetError(10054, '”даленный хост принудительно разорвал существующее подключение', None, 10054, None))
2025-08-07 09:12:00,568 - INFO - Restarting in 5 seconds...
2025-08-07 09:12:05,624 - INFO - Starting bot polling...
2025-08-07 09:12:07,845 - ERROR - Critical error: [WinError 10051] —делана попытка выполнить операцию на сокете при отключенной сети
Traceback (most recent call last):
  File "C:\Users\Ilia\Desktop\Rotinar\.venv\Lib\site-packages\httpx\_transports\default.py", line 101, in map_httpcore_exceptions
    yield
  File "C:\Users\Ilia\Desktop\Rotinar\.venv\Lib\site-packages\httpx\_transports\default.py", line 250, in handle_request
    resp = self._pool.handle_request(req)
  File "C:\Users\Ilia\Desktop\Rotinar\.venv\Lib\site-packages\httpcore\_sync\connection_pool.py", line 256, in handle_request
    raise exc from None
  File "C:\Users\Ilia\Desktop\Rotinar\.venv\Lib\site-packages\httpcore\_sync\connection_pool.py", line 236, in handle_request
    response = connection.handle_request(
        pool_request.request
    )
  File "C:\Users\Ilia\Desktop\Rotinar\.venv\Lib\site-packages\httpcore\_sync\connection.py", line 101, in handle_request
    raise exc
  File "C:\Users\Ilia\Desktop\Rotinar\.venv\Lib\site-packages\httpcore\_sync\connection.py", line 78, in handle_request
    stream = self._connect(request)
  File "C:\Users\Ilia\Desktop\Rotinar\.venv\Lib\site-packages\httpcore\_sync\connection.py", line 124, in _connect
    stream = self._network_backend.connect_tcp(**kwargs)
  File "C:\Users\Ilia\Desktop\Rotinar\.venv\Lib\site-packages\httpcore\_backends\sync.py", line 207, in connect_tcp
    with map_exceptions(exc_map):
         ~~~~~~~~~~~~~~^^^^^^^^^
  File "C:\Users\Ilia\AppData\Local\Programs\Python\Python313\Lib\contextlib.py", line 162, in __exit__
    self.gen.throw(value)
    ~~~~~~~~~~~~~~^^^^^^^
  File "C:\Users\Ilia\Desktop\Rotinar\.venv\Lib\site-packages\httpcore\_exceptions.py", line 14, in map_exceptions
    raise to_exc(exc) from exc
httpcore.ConnectError: [WinError 10051] —делана попытка выполнить операцию на сокете при отключенной сети

The above exception was the direct cause of the following exception:

Traceback (most recent call last):
  File "C:\Users\Ilia\Desktop\Rotinar\app\main.py", line 257, in robust_polling
    bot.polling(
    ~~~~~~~~~~~^
        none_stop=True,
        ^^^^^^^^^^^^^^^
    ...<2 lines>...
        long_polling_timeout=30
        ^^^^^^^^^^^^^^^^^^^^^^^
    )
    ^
  File "C:\Users\Ilia\Desktop\Rotinar\.venv\Lib\site-packages\telebot\__init__.py", line 1198, in polling
    self.__threaded_polling(non_stop=non_stop, interval=interval, timeout=timeout, long_polling_timeout=long_polling_timeout,
    ~~~~~~~~~~~~~~~~~~~~~~~^^^^^^^^^^^^^^^^^^^^^^^^^^^^^^^^^^^^^^^^^^^^^^^^^^^^^^^^^^^^^^^^^^^^^^^^^^^^^^^^^^^^^^^^^^^^^^^^^^
                            logger_level=logger_level, allowed_updates=allowed_updates)
                            ^^^^^^^^^^^^^^^^^^^^^^^^^^^^^^^^^^^^^^^^^^^^^^^^^^^^^^^^^^^
  File "C:\Users\Ilia\Desktop\Rotinar\.venv\Lib\site-packages\telebot\__init__.py", line 1273, in __threaded_polling
    raise e
  File "C:\Users\Ilia\Desktop\Rotinar\.venv\Lib\site-packages\telebot\__init__.py", line 1235, in __threaded_polling
    self.worker_pool.raise_exceptions()
    ~~~~~~~~~~~~~~~~~~~~~~~~~~~~~~~~~^^
  File "C:\Users\Ilia\Desktop\Rotinar\.venv\Lib\site-packages\telebot\util.py", line 150, in raise_exceptions
    raise self.exception_info
  File "C:\Users\Ilia\Desktop\Rotinar\.venv\Lib\site-packages\telebot\util.py", line 93, in run
    task(*args, **kwargs)
    ~~~~^^^^^^^^^^^^^^^^^
  File "C:\Users\Ilia\Desktop\Rotinar\app\bot\handlers.py", line 51, in <lambda>
    bot.register_next_step_handler(message, lambda msg: on_click_manager_panel(msg, manager_panel))
                                                        ~~~~~~~~~~~~~~~~~~~~~~^^^^^^^^^^^^^^^^^^^^
  File "C:\Users\Ilia\Desktop\Rotinar\app\bot\utils.py", line 212, in on_click_manager_panel
    manager_panel(message)
    ~~~~~~~~~~~~~^^^^^^^^^
  File "C:\Users\Ilia\Desktop\Rotinar\app\bot\utils.py", line 70, in wrapper
    user_role = check_user_role(message.from_user.id)
  File "C:\Users\Ilia\Desktop\Rotinar\app\database\crud.py", line 8, in check_user_role
    user = supabase.table('users').select('role').eq('telegram_id', telegram_id).execute()
  File "C:\Users\Ilia\Desktop\Rotinar\.venv\Lib\site-packages\postgrest\_sync\request_builder.py", line 57, in execute
    r = self.session.request(
        self.http_method,
    ...<3 lines>...
        headers=self.headers,
    )
  File "C:\Users\Ilia\Desktop\Rotinar\.venv\Lib\site-packages\httpx\_client.py", line 825, in request
    return self.send(request, auth=auth, follow_redirects=follow_redirects)
           ~~~~~~~~~^^^^^^^^^^^^^^^^^^^^^^^^^^^^^^^^^^^^^^^^^^^^^^^^^^^^^^^
  File "C:\Users\Ilia\Desktop\Rotinar\.venv\Lib\site-packages\httpx\_client.py", line 914, in send
    response = self._send_handling_auth(
        request,
    ...<2 lines>...
        history=[],
    )
  File "C:\Users\Ilia\Desktop\Rotinar\.venv\Lib\site-packages\httpx\_client.py", line 942, in _send_handling_auth
    response = self._send_handling_redirects(
        request,
        follow_redirects=follow_redirects,
        history=history,
    )
  File "C:\Users\Ilia\Desktop\Rotinar\.venv\Lib\site-packages\httpx\_client.py", line 979, in _send_handling_redirects
    response = self._send_single_request(request)
  File "C:\Users\Ilia\Desktop\Rotinar\.venv\Lib\site-packages\httpx\_client.py", line 1014, in _send_single_request
    response = transport.handle_request(request)
  File "C:\Users\Ilia\Desktop\Rotinar\.venv\Lib\site-packages\httpx\_transports\default.py", line 249, in handle_request
    with map_httpcore_exceptions():
         ~~~~~~~~~~~~~~~~~~~~~~~^^
  File "C:\Users\Ilia\AppData\Local\Programs\Python\Python313\Lib\contextlib.py", line 162, in __exit__
    self.gen.throw(value)
    ~~~~~~~~~~~~~~^^^^^^^
  File "C:\Users\Ilia\Desktop\Rotinar\.venv\Lib\site-packages\httpx\_transports\default.py", line 118, in map_httpcore_exceptions
    raise mapped_exc(message) from exc
httpx.ConnectError: [WinError 10051] —делана попытка выполнить операцию на сокете при отключенной сети
2025-08-07 09:12:07,946 - INFO - Restarting in 10 seconds...
2025-08-07 09:12:11,823 - INFO - HTTP Request: GET https://desgxzdvmuwywlfguzpz.supabase.co/rest/v1/users?select=telegram_id&telegram_id=eq.1101846054 "HTTP/2 200 OK"
2025-08-07 09:12:17,952 - INFO - Starting bot polling...
2025-08-07 09:12:22,844 - ERROR - Critical error: [WinError 10035] ќпераци€ на незаблокированном сокете не может быть завершена немедленно
Traceback (most recent call last):
  File "C:\Users\Ilia\Desktop\Rotinar\.venv\Lib\site-packages\httpx\_transports\default.py", line 101, in map_httpcore_exceptions
    yield
  File "C:\Users\Ilia\Desktop\Rotinar\.venv\Lib\site-packages\httpx\_transports\default.py", line 250, in handle_request
    resp = self._pool.handle_request(req)
  File "C:\Users\Ilia\Desktop\Rotinar\.venv\Lib\site-packages\httpcore\_sync\connection_pool.py", line 256, in handle_request
    raise exc from None
  File "C:\Users\Ilia\Desktop\Rotinar\.venv\Lib\site-packages\httpcore\_sync\connection_pool.py", line 236, in handle_request
    response = connection.handle_request(
        pool_request.request
    )
  File "C:\Users\Ilia\Desktop\Rotinar\.venv\Lib\site-packages\httpcore\_sync\connection.py", line 103, in handle_request
    return self._connection.handle_request(request)
           ~~~~~~~~~~~~~~~~~~~~~~~~~~~~~~~^^^^^^^^^
  File "C:\Users\Ilia\Desktop\Rotinar\.venv\Lib\site-packages\httpcore\_sync\http2.py", line 187, in handle_request
    raise exc
  File "C:\Users\Ilia\Desktop\Rotinar\.venv\Lib\site-packages\httpcore\_sync\http2.py", line 150, in handle_request
    status, headers = self._receive_response(
                      ~~~~~~~~~~~~~~~~~~~~~~^
        request=request, stream_id=stream_id
        ^^^^^^^^^^^^^^^^^^^^^^^^^^^^^^^^^^^^
    )
    ^
  File "C:\Users\Ilia\Desktop\Rotinar\.venv\Lib\site-packages\httpcore\_sync\http2.py", line 294, in _receive_response
    event = self._receive_stream_event(request, stream_id)
  File "C:\Users\Ilia\Desktop\Rotinar\.venv\Lib\site-packages\httpcore\_sync\http2.py", line 336, in _receive_stream_event
    self._receive_events(request, stream_id)
    ~~~~~~~~~~~~~~~~~~~~^^^^^^^^^^^^^^^^^^^^
  File "C:\Users\Ilia\Desktop\Rotinar\.venv\Lib\site-packages\httpcore\_sync\http2.py", line 364, in _receive_events
    events = self._read_incoming_data(request)
  File "C:\Users\Ilia\Desktop\Rotinar\.venv\Lib\site-packages\httpcore\_sync\http2.py", line 438, in _read_incoming_data
    raise self._read_exception  # pragma: nocover
    ^^^^^^^^^^^^^^^^^^^^^^^^^^
  File "C:\Users\Ilia\Desktop\Rotinar\.venv\Lib\site-packages\httpx\_transports\default.py", line 101, in map_httpcore_exceptions
    yield
  File "C:\Users\Ilia\Desktop\Rotinar\.venv\Lib\site-packages\httpx\_transports\default.py", line 250, in handle_request
    resp = self._pool.handle_request(req)
  File "C:\Users\Ilia\Desktop\Rotinar\.venv\Lib\site-packages\httpcore\_sync\connection_pool.py", line 256, in handle_request
    raise exc from None
  File "C:\Users\Ilia\Desktop\Rotinar\.venv\Lib\site-packages\httpcore\_sync\connection_pool.py", line 236, in handle_request
    response = connection.handle_request(
        pool_request.request
    )
  File "C:\Users\Ilia\Desktop\Rotinar\.venv\Lib\site-packages\httpcore\_sync\connection.py", line 103, in handle_request
    return self._connection.handle_request(request)
           ~~~~~~~~~~~~~~~~~~~~~~~~~~~~~~~^^^^^^^^^
  File "C:\Users\Ilia\Desktop\Rotinar\.venv\Lib\site-packages\httpcore\_sync\http2.py", line 187, in handle_request
    raise exc
  File "C:\Users\Ilia\Desktop\Rotinar\.venv\Lib\site-packages\httpcore\_sync\http2.py", line 150, in handle_request
    status, headers = self._receive_response(
                      ~~~~~~~~~~~~~~~~~~~~~~^
        request=request, stream_id=stream_id
        ^^^^^^^^^^^^^^^^^^^^^^^^^^^^^^^^^^^^
    )
    ^
  File "C:\Users\Ilia\Desktop\Rotinar\.venv\Lib\site-packages\httpcore\_sync\http2.py", line 294, in _receive_response
    event = self._receive_stream_event(request, stream_id)
  File "C:\Users\Ilia\Desktop\Rotinar\.venv\Lib\site-packages\httpcore\_sync\http2.py", line 336, in _receive_stream_event
    self._receive_events(request, stream_id)
    ~~~~~~~~~~~~~~~~~~~~^^^^^^^^^^^^^^^^^^^^
  File "C:\Users\Ilia\Desktop\Rotinar\.venv\Lib\site-packages\httpcore\_sync\http2.py", line 364, in _receive_events
    events = self._read_incoming_data(request)
  File "C:\Users\Ilia\Desktop\Rotinar\.venv\Lib\site-packages\httpcore\_sync\http2.py", line 455, in _read_incoming_data
    raise exc
  File "C:\Users\Ilia\Desktop\Rotinar\.venv\Lib\site-packages\httpcore\_sync\http2.py", line 441, in _read_incoming_data
    data = self._network_stream.read(self.READ_NUM_BYTES, timeout)
  File "C:\Users\Ilia\Desktop\Rotinar\.venv\Lib\site-packages\httpcore\_backends\sync.py", line 126, in read
    with map_exceptions(exc_map):
         ~~~~~~~~~~~~~~^^^^^^^^^
  File "C:\Users\Ilia\AppData\Local\Programs\Python\Python313\Lib\contextlib.py", line 162, in __exit__
    self.gen.throw(value)
    ~~~~~~~~~~~~~~^^^^^^^
  File "C:\Users\Ilia\Desktop\Rotinar\.venv\Lib\site-packages\httpcore\_exceptions.py", line 14, in map_exceptions
    raise to_exc(exc) from exc
httpcore.ReadError: [WinError 10035] ќпераци€ на незаблокированном сокете не может быть завершена немедленно

The above exception was the direct cause of the following exception:

Traceback (most recent call last):
  File "C:\Users\Ilia\Desktop\Rotinar\app\main.py", line 257, in robust_polling
    bot.polling(
    ~~~~~~~~~~~^
        none_stop=True,
        ^^^^^^^^^^^^^^^
    ...<2 lines>...
        long_polling_timeout=30
        ^^^^^^^^^^^^^^^^^^^^^^^
    )
    ^
  File "C:\Users\Ilia\Desktop\Rotinar\.venv\Lib\site-packages\telebot\__init__.py", line 1198, in polling
    self.__threaded_polling(non_stop=non_stop, interval=interval, timeout=timeout, long_polling_timeout=long_polling_timeout,
    ~~~~~~~~~~~~~~~~~~~~~~~^^^^^^^^^^^^^^^^^^^^^^^^^^^^^^^^^^^^^^^^^^^^^^^^^^^^^^^^^^^^^^^^^^^^^^^^^^^^^^^^^^^^^^^^^^^^^^^^^^
                            logger_level=logger_level, allowed_updates=allowed_updates)
                            ^^^^^^^^^^^^^^^^^^^^^^^^^^^^^^^^^^^^^^^^^^^^^^^^^^^^^^^^^^^
  File "C:\Users\Ilia\Desktop\Rotinar\.venv\Lib\site-packages\telebot\__init__.py", line 1273, in __threaded_polling
    raise e
  File "C:\Users\Ilia\Desktop\Rotinar\.venv\Lib\site-packages\telebot\__init__.py", line 1235, in __threaded_polling
    self.worker_pool.raise_exceptions()
    ~~~~~~~~~~~~~~~~~~~~~~~~~~~~~~~~~^^
  File "C:\Users\Ilia\Desktop\Rotinar\.venv\Lib\site-packages\telebot\util.py", line 150, in raise_exceptions
    raise self.exception_info
  File "C:\Users\Ilia\Desktop\Rotinar\.venv\Lib\site-packages\telebot\util.py", line 93, in run
    task(*args, **kwargs)
    ~~~~^^^^^^^^^^^^^^^^^
  File "C:\Users\Ilia\Desktop\Rotinar\.venv\Lib\site-packages\telebot\__init__.py", line 9759, in _run_middlewares_and_handler
    result = handler['function'](message)
  File "C:\Users\Ilia\Desktop\Rotinar\app\bot\handlers.py", line 37, in start_handler
    user_verification(message, driver_panel, manager_panel)
    ~~~~~~~~~~~~~~~~~^^^^^^^^^^^^^^^^^^^^^^^^^^^^^^^^^^^^^^
  File "C:\Users\Ilia\Desktop\Rotinar\app\bot\utils.py", line 224, in user_verification
    response = supabase.table('users').select('telegram_id', count='exact').eq('telegram_id', message.chat.id).execute()
  File "C:\Users\Ilia\Desktop\Rotinar\.venv\Lib\site-packages\postgrest\_sync\request_builder.py", line 57, in execute
    r = self.session.request(
        self.http_method,
    ...<3 lines>...
        headers=self.headers,
    )
  File "C:\Users\Ilia\Desktop\Rotinar\.venv\Lib\site-packages\httpx\_client.py", line 825, in request
    return self.send(request, auth=auth, follow_redirects=follow_redirects)
           ~~~~~~~~~^^^^^^^^^^^^^^^^^^^^^^^^^^^^^^^^^^^^^^^^^^^^^^^^^^^^^^^
  File "C:\Users\Ilia\Desktop\Rotinar\.venv\Lib\site-packages\httpx\_client.py", line 914, in send
    response = self._send_handling_auth(
        request,
    ...<2 lines>...
        history=[],
    )
  File "C:\Users\Ilia\Desktop\Rotinar\.venv\Lib\site-packages\httpx\_client.py", line 942, in _send_handling_auth
    response = self._send_handling_redirects(
        request,
        follow_redirects=follow_redirects,
        history=history,
    )
  File "C:\Users\Ilia\Desktop\Rotinar\.venv\Lib\site-packages\httpx\_client.py", line 979, in _send_handling_redirects
    response = self._send_single_request(request)
  File "C:\Users\Ilia\Desktop\Rotinar\.venv\Lib\site-packages\httpx\_client.py", line 1014, in _send_single_request
    response = transport.handle_request(request)
  File "C:\Users\Ilia\Desktop\Rotinar\.venv\Lib\site-packages\httpx\_transports\default.py", line 249, in handle_request
    with map_httpcore_exceptions():
         ~~~~~~~~~~~~~~~~~~~~~~~^^
  File "C:\Users\Ilia\AppData\Local\Programs\Python\Python313\Lib\contextlib.py", line 162, in __exit__
    self.gen.throw(value)
    ~~~~~~~~~~~~~~^^^^^^^
  File "C:\Users\Ilia\Desktop\Rotinar\.venv\Lib\site-packages\httpx\_transports\default.py", line 118, in map_httpcore_exceptions
    raise mapped_exc(message) from exc
httpx.ReadError: [WinError 10035] ќпераци€ на незаблокированном сокете не может быть завершена немедленно
2025-08-07 09:12:23,262 - INFO - Restarting in 10 seconds...
2025-08-07 09:12:33,263 - INFO - Starting bot polling...
2025-08-07 09:14:27,003 - INFO - HTTP Request: GET https://desgxzdvmuwywlfguzpz.supabase.co/rest/v1/users?select=telegram_id&telegram_id=eq.40061766 "HTTP/2 200 OK"
2025-08-07 09:14:27,603 - INFO - HTTP Request: GET https://desgxzdvmuwywlfguzpz.supabase.co/rest/v1/users?select=role&telegram_id=eq.40061766 "HTTP/2 200 OK"
2025-08-07 09:14:28,297 - INFO - HTTP Request: GET https://desgxzdvmuwywlfguzpz.supabase.co/rest/v1/users?select=role&telegram_id=eq.40061766 "HTTP/2 200 OK"
2025-08-07 09:14:39,122 - INFO - HTTP Request: GET https://desgxzdvmuwywlfguzpz.supabase.co/rest/v1/users?select=last_name%2Cfirst_name%2Csurname%2Cphone_number%2Cstate_id&role=eq.driver&state_id=eq.5&is_on_shift=eq.True "HTTP/2 200 OK"
2025-08-07 09:14:59,354 - ERROR - Network error: ('Connection aborted.', ConnectionResetError(10054, '”даленный хост принудительно разорвал существующее подключение', None, 10054, None))
2025-08-07 09:14:59,355 - INFO - Restarting in 5 seconds...
2025-08-07 09:15:04,356 - INFO - Starting bot polling...
2025-08-07 09:15:06,467 - ERROR - Network error: HTTPSConnectionPool(host='api.telegram.org', port=443): Max retries exceeded with url: /bot8057997671:AAGXbnh8dF3nF_A8u709R4U-k2ayyDwocUs/getUpdates?offset=570500549&timeout=30 (Caused by NameResolutionError("<urllib3.connection.HTTPSConnection object at 0x000001C5F373E5D0>: Failed to resolve 'api.telegram.org' ([Errno 11001] getaddrinfo failed)"))
2025-08-07 09:15:06,467 - INFO - Restarting in 10 seconds...
2025-08-07 09:15:16,469 - INFO - Starting bot polling...
2025-08-07 09:15:18,507 - ERROR - Network error: HTTPSConnectionPool(host='api.telegram.org', port=443): Max retries exceeded with url: /bot8057997671:AAGXbnh8dF3nF_A8u709R4U-k2ayyDwocUs/getUpdates?offset=570500549&timeout=30 (Caused by NameResolutionError("<urllib3.connection.HTTPSConnection object at 0x000001C5F373F390>: Failed to resolve 'api.telegram.org' ([Errno 11001] getaddrinfo failed)"))
2025-08-07 09:15:18,508 - INFO - Restarting in 20 seconds...
2025-08-07 09:15:38,509 - INFO - Starting bot polling...
2025-08-07 09:15:40,545 - ERROR - Network error: HTTPSConnectionPool(host='api.telegram.org', port=443): Max retries exceeded with url: /bot8057997671:AAGXbnh8dF3nF_A8u709R4U-k2ayyDwocUs/getUpdates?offset=570500549&timeout=30 (Caused by NameResolutionError("<urllib3.connection.HTTPSConnection object at 0x000001C5F474EFD0>: Failed to resolve 'api.telegram.org' ([Errno 11001] getaddrinfo failed)"))
2025-08-07 09:15:40,546 - INFO - Restarting in 40 seconds...
2025-08-07 09:16:20,548 - INFO - Starting bot polling...
2025-08-07 09:16:22,573 - ERROR - Network error: HTTPSConnectionPool(host='api.telegram.org', port=443): Max retries exceeded with url: /bot8057997671:AAGXbnh8dF3nF_A8u709R4U-k2ayyDwocUs/getUpdates?offset=570500549&timeout=30 (Caused by NameResolutionError("<urllib3.connection.HTTPSConnection object at 0x000001C5F474EAD0>: Failed to resolve 'api.telegram.org' ([Errno 11001] getaddrinfo failed)"))
2025-08-07 09:16:22,574 - INFO - Restarting in 60 seconds...
2025-08-07 09:17:22,575 - INFO - Starting bot polling...
2025-08-07 09:17:24,612 - ERROR - Network error: HTTPSConnectionPool(host='api.telegram.org', port=443): Max retries exceeded with url: /bot8057997671:AAGXbnh8dF3nF_A8u709R4U-k2ayyDwocUs/getUpdates?offset=570500549&timeout=30 (Caused by NameResolutionError("<urllib3.connection.HTTPSConnection object at 0x000001C5F474FC50>: Failed to resolve 'api.telegram.org' ([Errno 11001] getaddrinfo failed)"))
2025-08-07 09:17:24,613 - INFO - Restarting in 60 seconds...
2025-08-07 09:18:24,614 - INFO - Starting bot polling...
2025-08-07 09:18:26,649 - ERROR - Network error: HTTPSConnectionPool(host='api.telegram.org', port=443): Max retries exceeded with url: /bot8057997671:AAGXbnh8dF3nF_A8u709R4U-k2ayyDwocUs/getUpdates?offset=570500549&timeout=30 (Caused by NameResolutionError("<urllib3.connection.HTTPSConnection object at 0x000001C5F49FC050>: Failed to resolve 'api.telegram.org' ([Errno 11001] getaddrinfo failed)"))
2025-08-07 09:18:26,650 - INFO - Restarting in 60 seconds...
2025-08-07 09:19:26,652 - INFO - Starting bot polling...
2025-08-07 09:19:28,692 - ERROR - Network error: HTTPSConnectionPool(host='api.telegram.org', port=443): Max retries exceeded with url: /bot8057997671:AAGXbnh8dF3nF_A8u709R4U-k2ayyDwocUs/getUpdates?offset=570500549&timeout=30 (Caused by NameResolutionError("<urllib3.connection.HTTPSConnection object at 0x000001C5F49FC690>: Failed to resolve 'api.telegram.org' ([Errno 11001] getaddrinfo failed)"))
2025-08-07 09:19:28,692 - INFO - Restarting in 60 seconds...
2025-08-07 09:20:28,694 - INFO - Starting bot polling...
2025-08-07 09:20:30,731 - ERROR - Network error: HTTPSConnectionPool(host='api.telegram.org', port=443): Max retries exceeded with url: /bot8057997671:AAGXbnh8dF3nF_A8u709R4U-k2ayyDwocUs/getUpdates?offset=570500549&timeout=30 (Caused by NameResolutionError("<urllib3.connection.HTTPSConnection object at 0x000001C5F49FCB90>: Failed to resolve 'api.telegram.org' ([Errno 11001] getaddrinfo failed)"))
2025-08-07 09:20:30,731 - INFO - Restarting in 60 seconds...
2025-08-07 09:21:30,733 - INFO - Starting bot polling...
2025-08-07 09:21:32,763 - ERROR - Network error: HTTPSConnectionPool(host='api.telegram.org', port=443): Max retries exceeded with url: /bot8057997671:AAGXbnh8dF3nF_A8u709R4U-k2ayyDwocUs/getUpdates?offset=570500549&timeout=30 (Caused by NameResolutionError("<urllib3.connection.HTTPSConnection object at 0x000001C5F474FD90>: Failed to resolve 'api.telegram.org' ([Errno 11001] getaddrinfo failed)"))
2025-08-07 09:21:32,764 - INFO - Restarting in 60 seconds...
2025-08-07 09:22:32,765 - INFO - Starting bot polling...
2025-08-07 11:22:34,743 - ERROR - Network error: HTTPSConnectionPool(host='api.telegram.org', port=443): Max retries exceeded with url: /bot8057997671:AAGXbnh8dF3nF_A8u709R4U-k2ayyDwocUs/getUpdates?offset=570500549&timeout=30 (Caused by NameResolutionError("<urllib3.connection.HTTPSConnection object at 0x000001C5F474EC10>: Failed to resolve 'api.telegram.org' ([Errno 11001] getaddrinfo failed)"))
2025-08-07 11:22:34,743 - INFO - Restarting in 60 seconds...
2025-08-07 13:33:09,816 - INFO - Starting bot polling...
2025-08-07 13:33:18,111 - INFO - HTTP Request: GET https://desgxzdvmuwywlfguzpz.supabase.co/rest/v1/users?select=telegram_id&telegram_id=eq.554509646 "HTTP/2 200 OK"
2025-08-07 13:33:18,121 - INFO - HTTP Request: GET https://desgxzdvmuwywlfguzpz.supabase.co/rest/v1/users?select=telegram_id&telegram_id=eq.554509646 "HTTP/2 200 OK"
2025-08-07 13:33:18,302 - INFO - HTTP Request: GET https://desgxzdvmuwywlfguzpz.supabase.co/rest/v1/users?select=role&telegram_id=eq.554509646 "HTTP/2 200 OK"
2025-08-07 13:33:18,312 - INFO - HTTP Request: GET https://desgxzdvmuwywlfguzpz.supabase.co/rest/v1/users?select=role&telegram_id=eq.554509646 "HTTP/2 200 OK"
2025-08-07 13:33:18,678 - INFO - HTTP Request: GET https://desgxzdvmuwywlfguzpz.supabase.co/rest/v1/users?select=role&telegram_id=eq.554509646 "HTTP/2 200 OK"
2025-08-07 13:33:18,684 - INFO - HTTP Request: GET https://desgxzdvmuwywlfguzpz.supabase.co/rest/v1/users?select=role&telegram_id=eq.554509646 "HTTP/2 200 OK"
2025-08-07 13:33:18,913 - INFO - HTTP Request: GET https://desgxzdvmuwywlfguzpz.supabase.co/rest/v1/users?select=is_on_shift&telegram_id=eq.554509646 "HTTP/2 200 OK"
2025-08-07 13:33:19,018 - INFO - HTTP Request: GET https://desgxzdvmuwywlfguzpz.supabase.co/rest/v1/users?select=is_on_shift&telegram_id=eq.554509646 "HTTP/2 200 OK"
2025-08-07 13:33:19,311 - ERROR - Critical error: [WinError 10035] ќпераци€ на незаблокированном сокете не может быть завершена немедленно
Traceback (most recent call last):
  File "C:\Users\Ilia\Desktop\Rotinar\.venv\Lib\site-packages\httpx\_transports\default.py", line 101, in map_httpcore_exceptions
    yield
  File "C:\Users\Ilia\Desktop\Rotinar\.venv\Lib\site-packages\httpx\_transports\default.py", line 250, in handle_request
    resp = self._pool.handle_request(req)
  File "C:\Users\Ilia\Desktop\Rotinar\.venv\Lib\site-packages\httpcore\_sync\connection_pool.py", line 256, in handle_request
    raise exc from None
  File "C:\Users\Ilia\Desktop\Rotinar\.venv\Lib\site-packages\httpcore\_sync\connection_pool.py", line 236, in handle_request
    response = connection.handle_request(
        pool_request.request
    )
  File "C:\Users\Ilia\Desktop\Rotinar\.venv\Lib\site-packages\httpcore\_sync\connection.py", line 103, in handle_request
    return self._connection.handle_request(request)
           ~~~~~~~~~~~~~~~~~~~~~~~~~~~~~~~^^^^^^^^^
  File "C:\Users\Ilia\Desktop\Rotinar\.venv\Lib\site-packages\httpcore\_sync\http2.py", line 187, in handle_request
    raise exc
  File "C:\Users\Ilia\Desktop\Rotinar\.venv\Lib\site-packages\httpcore\_sync\http2.py", line 150, in handle_request
    status, headers = self._receive_response(
                      ~~~~~~~~~~~~~~~~~~~~~~^
        request=request, stream_id=stream_id
        ^^^^^^^^^^^^^^^^^^^^^^^^^^^^^^^^^^^^
    )
    ^
  File "C:\Users\Ilia\Desktop\Rotinar\.venv\Lib\site-packages\httpcore\_sync\http2.py", line 294, in _receive_response
    event = self._receive_stream_event(request, stream_id)
  File "C:\Users\Ilia\Desktop\Rotinar\.venv\Lib\site-packages\httpcore\_sync\http2.py", line 336, in _receive_stream_event
    self._receive_events(request, stream_id)
    ~~~~~~~~~~~~~~~~~~~~^^^^^^^^^^^^^^^^^^^^
  File "C:\Users\Ilia\Desktop\Rotinar\.venv\Lib\site-packages\httpcore\_sync\http2.py", line 364, in _receive_events
    events = self._read_incoming_data(request)
  File "C:\Users\Ilia\Desktop\Rotinar\.venv\Lib\site-packages\httpcore\_sync\http2.py", line 438, in _read_incoming_data
    raise self._read_exception  # pragma: nocover
    ^^^^^^^^^^^^^^^^^^^^^^^^^^
  File "C:\Users\Ilia\Desktop\Rotinar\.venv\Lib\site-packages\httpx\_transports\default.py", line 101, in map_httpcore_exceptions
    yield
  File "C:\Users\Ilia\Desktop\Rotinar\.venv\Lib\site-packages\httpx\_transports\default.py", line 250, in handle_request
    resp = self._pool.handle_request(req)
  File "C:\Users\Ilia\Desktop\Rotinar\.venv\Lib\site-packages\httpcore\_sync\connection_pool.py", line 256, in handle_request
    raise exc from None
  File "C:\Users\Ilia\Desktop\Rotinar\.venv\Lib\site-packages\httpcore\_sync\connection_pool.py", line 236, in handle_request
    response = connection.handle_request(
        pool_request.request
    )
  File "C:\Users\Ilia\Desktop\Rotinar\.venv\Lib\site-packages\httpcore\_sync\connection.py", line 103, in handle_request
    return self._connection.handle_request(request)
           ~~~~~~~~~~~~~~~~~~~~~~~~~~~~~~~^^^^^^^^^
  File "C:\Users\Ilia\Desktop\Rotinar\.venv\Lib\site-packages\httpcore\_sync\http2.py", line 187, in handle_request
    raise exc
  File "C:\Users\Ilia\Desktop\Rotinar\.venv\Lib\site-packages\httpcore\_sync\http2.py", line 150, in handle_request
    status, headers = self._receive_response(
                      ~~~~~~~~~~~~~~~~~~~~~~^
        request=request, stream_id=stream_id
        ^^^^^^^^^^^^^^^^^^^^^^^^^^^^^^^^^^^^
    )
    ^
  File "C:\Users\Ilia\Desktop\Rotinar\.venv\Lib\site-packages\httpcore\_sync\http2.py", line 294, in _receive_response
    event = self._receive_stream_event(request, stream_id)
  File "C:\Users\Ilia\Desktop\Rotinar\.venv\Lib\site-packages\httpcore\_sync\http2.py", line 336, in _receive_stream_event
    self._receive_events(request, stream_id)
    ~~~~~~~~~~~~~~~~~~~~^^^^^^^^^^^^^^^^^^^^
  File "C:\Users\Ilia\Desktop\Rotinar\.venv\Lib\site-packages\httpcore\_sync\http2.py", line 364, in _receive_events
    events = self._read_incoming_data(request)
  File "C:\Users\Ilia\Desktop\Rotinar\.venv\Lib\site-packages\httpcore\_sync\http2.py", line 455, in _read_incoming_data
    raise exc
  File "C:\Users\Ilia\Desktop\Rotinar\.venv\Lib\site-packages\httpcore\_sync\http2.py", line 441, in _read_incoming_data
    data = self._network_stream.read(self.READ_NUM_BYTES, timeout)
  File "C:\Users\Ilia\Desktop\Rotinar\.venv\Lib\site-packages\httpcore\_backends\sync.py", line 126, in read
    with map_exceptions(exc_map):
         ~~~~~~~~~~~~~~^^^^^^^^^
  File "C:\Users\Ilia\AppData\Local\Programs\Python\Python313\Lib\contextlib.py", line 162, in __exit__
    self.gen.throw(value)
    ~~~~~~~~~~~~~~^^^^^^^
  File "C:\Users\Ilia\Desktop\Rotinar\.venv\Lib\site-packages\httpcore\_exceptions.py", line 14, in map_exceptions
    raise to_exc(exc) from exc
httpcore.ReadError: [WinError 10035] ќпераци€ на незаблокированном сокете не может быть завершена немедленно

The above exception was the direct cause of the following exception:

Traceback (most recent call last):
  File "C:\Users\Ilia\Desktop\Rotinar\app\main.py", line 257, in robust_polling
    bot.polling(
    ~~~~~~~~~~~^
        none_stop=True,
        ^^^^^^^^^^^^^^^
    ...<2 lines>...
        long_polling_timeout=30
        ^^^^^^^^^^^^^^^^^^^^^^^
    )
    ^
  File "C:\Users\Ilia\Desktop\Rotinar\.venv\Lib\site-packages\telebot\__init__.py", line 1198, in polling
    self.__threaded_polling(non_stop=non_stop, interval=interval, timeout=timeout, long_polling_timeout=long_polling_timeout,
    ~~~~~~~~~~~~~~~~~~~~~~~^^^^^^^^^^^^^^^^^^^^^^^^^^^^^^^^^^^^^^^^^^^^^^^^^^^^^^^^^^^^^^^^^^^^^^^^^^^^^^^^^^^^^^^^^^^^^^^^^^
                            logger_level=logger_level, allowed_updates=allowed_updates)
                            ^^^^^^^^^^^^^^^^^^^^^^^^^^^^^^^^^^^^^^^^^^^^^^^^^^^^^^^^^^^
  File "C:\Users\Ilia\Desktop\Rotinar\.venv\Lib\site-packages\telebot\__init__.py", line 1273, in __threaded_polling
    raise e
  File "C:\Users\Ilia\Desktop\Rotinar\.venv\Lib\site-packages\telebot\__init__.py", line 1235, in __threaded_polling
    self.worker_pool.raise_exceptions()
    ~~~~~~~~~~~~~~~~~~~~~~~~~~~~~~~~~^^
  File "C:\Users\Ilia\Desktop\Rotinar\.venv\Lib\site-packages\telebot\util.py", line 150, in raise_exceptions
    raise self.exception_info
  File "C:\Users\Ilia\Desktop\Rotinar\.venv\Lib\site-packages\telebot\util.py", line 93, in run
    task(*args, **kwargs)
    ~~~~^^^^^^^^^^^^^^^^^
  File "C:\Users\Ilia\Desktop\Rotinar\.venv\Lib\site-packages\telebot\__init__.py", line 9759, in _run_middlewares_and_handler
    result = handler['function'](message)
  File "C:\Users\Ilia\Desktop\Rotinar\app\bot\handlers.py", line 37, in start_handler
    user_verification(message, driver_panel, manager_panel)
    ~~~~~~~~~~~~~~~~~^^^^^^^^^^^^^^^^^^^^^^^^^^^^^^^^^^^^^^
  File "C:\Users\Ilia\Desktop\Rotinar\app\bot\utils.py", line 228, in user_verification
    role_commands(message, role, driver_panel, manager_panel)
    ~~~~~~~~~~~~~^^^^^^^^^^^^^^^^^^^^^^^^^^^^^^^^^^^^^^^^^^^^
  File "C:\Users\Ilia\Desktop\Rotinar\app\bot\utils.py", line 137, in role_commands
    driver_panel(message)
    ~~~~~~~~~~~~^^^^^^^^^
  File "C:\Users\Ilia\Desktop\Rotinar\app\bot\utils.py", line 74, in wrapper
    return func(message, *args, **kwargs)
  File "C:\Users\Ilia\Desktop\Rotinar\app\bot\handlers.py", line 91, in driver_panel
    driver_state = supabase.table('users').select('state_id').eq('telegram_id', message.from_user.id).execute()
  File "C:\Users\Ilia\Desktop\Rotinar\.venv\Lib\site-packages\postgrest\_sync\request_builder.py", line 57, in execute
    r = self.session.request(
        self.http_method,
    ...<3 lines>...
        headers=self.headers,
    )
  File "C:\Users\Ilia\Desktop\Rotinar\.venv\Lib\site-packages\httpx\_client.py", line 825, in request
    return self.send(request, auth=auth, follow_redirects=follow_redirects)
           ~~~~~~~~~^^^^^^^^^^^^^^^^^^^^^^^^^^^^^^^^^^^^^^^^^^^^^^^^^^^^^^^
  File "C:\Users\Ilia\Desktop\Rotinar\.venv\Lib\site-packages\httpx\_client.py", line 914, in send
    response = self._send_handling_auth(
        request,
    ...<2 lines>...
        history=[],
    )
  File "C:\Users\Ilia\Desktop\Rotinar\.venv\Lib\site-packages\httpx\_client.py", line 942, in _send_handling_auth
    response = self._send_handling_redirects(
        request,
        follow_redirects=follow_redirects,
        history=history,
    )
  File "C:\Users\Ilia\Desktop\Rotinar\.venv\Lib\site-packages\httpx\_client.py", line 979, in _send_handling_redirects
    response = self._send_single_request(request)
  File "C:\Users\Ilia\Desktop\Rotinar\.venv\Lib\site-packages\httpx\_client.py", line 1014, in _send_single_request
    response = transport.handle_request(request)
  File "C:\Users\Ilia\Desktop\Rotinar\.venv\Lib\site-packages\httpx\_transports\default.py", line 249, in handle_request
    with map_httpcore_exceptions():
         ~~~~~~~~~~~~~~~~~~~~~~~^^
  File "C:\Users\Ilia\AppData\Local\Programs\Python\Python313\Lib\contextlib.py", line 162, in __exit__
    self.gen.throw(value)
    ~~~~~~~~~~~~~~^^^^^^^
  File "C:\Users\Ilia\Desktop\Rotinar\.venv\Lib\site-packages\httpx\_transports\default.py", line 118, in map_httpcore_exceptions
    raise mapped_exc(message) from exc
httpx.ReadError: [WinError 10035] ќпераци€ на незаблокированном сокете не может быть завершена немедленно
2025-08-07 13:33:19,553 - INFO - Restarting in 10 seconds...
2025-08-07 13:33:19,635 - INFO - HTTP Request: GET https://desgxzdvmuwywlfguzpz.supabase.co/rest/v1/users?select=telegram_id&telegram_id=eq.1021160980 "HTTP/2 200 OK"
2025-08-07 13:33:20,279 - INFO - HTTP Request: GET https://desgxzdvmuwywlfguzpz.supabase.co/rest/v1/users?select=telegram_id&telegram_id=eq.887902276 "HTTP/2 200 OK"
2025-08-07 13:33:29,554 - INFO - Starting bot polling...
2025-08-07 13:33:31,559 - ERROR - Critical error: [WinError 10035] ќпераци€ на незаблокированном сокете не может быть завершена немедленно
Traceback (most recent call last):
  File "C:\Users\Ilia\Desktop\Rotinar\.venv\Lib\site-packages\httpx\_transports\default.py", line 101, in map_httpcore_exceptions
    yield
  File "C:\Users\Ilia\Desktop\Rotinar\.venv\Lib\site-packages\httpx\_transports\default.py", line 250, in handle_request
    resp = self._pool.handle_request(req)
  File "C:\Users\Ilia\Desktop\Rotinar\.venv\Lib\site-packages\httpcore\_sync\connection_pool.py", line 256, in handle_request
    raise exc from None
  File "C:\Users\Ilia\Desktop\Rotinar\.venv\Lib\site-packages\httpcore\_sync\connection_pool.py", line 236, in handle_request
    response = connection.handle_request(
        pool_request.request
    )
  File "C:\Users\Ilia\Desktop\Rotinar\.venv\Lib\site-packages\httpcore\_sync\connection.py", line 103, in handle_request
    return self._connection.handle_request(request)
           ~~~~~~~~~~~~~~~~~~~~~~~~~~~~~~~^^^^^^^^^
  File "C:\Users\Ilia\Desktop\Rotinar\.venv\Lib\site-packages\httpcore\_sync\http2.py", line 187, in handle_request
    raise exc
  File "C:\Users\Ilia\Desktop\Rotinar\.venv\Lib\site-packages\httpcore\_sync\http2.py", line 150, in handle_request
    status, headers = self._receive_response(
                      ~~~~~~~~~~~~~~~~~~~~~~^
        request=request, stream_id=stream_id
        ^^^^^^^^^^^^^^^^^^^^^^^^^^^^^^^^^^^^
    )
    ^
  File "C:\Users\Ilia\Desktop\Rotinar\.venv\Lib\site-packages\httpcore\_sync\http2.py", line 294, in _receive_response
    event = self._receive_stream_event(request, stream_id)
  File "C:\Users\Ilia\Desktop\Rotinar\.venv\Lib\site-packages\httpcore\_sync\http2.py", line 336, in _receive_stream_event
    self._receive_events(request, stream_id)
    ~~~~~~~~~~~~~~~~~~~~^^^^^^^^^^^^^^^^^^^^
  File "C:\Users\Ilia\Desktop\Rotinar\.venv\Lib\site-packages\httpcore\_sync\http2.py", line 364, in _receive_events
    events = self._read_incoming_data(request)
  File "C:\Users\Ilia\Desktop\Rotinar\.venv\Lib\site-packages\httpcore\_sync\http2.py", line 438, in _read_incoming_data
    raise self._read_exception  # pragma: nocover
    ^^^^^^^^^^^^^^^^^^^^^^^^^^
  File "C:\Users\Ilia\Desktop\Rotinar\.venv\Lib\site-packages\httpx\_transports\default.py", line 101, in map_httpcore_exceptions
    yield
  File "C:\Users\Ilia\Desktop\Rotinar\.venv\Lib\site-packages\httpx\_transports\default.py", line 250, in handle_request
    resp = self._pool.handle_request(req)
  File "C:\Users\Ilia\Desktop\Rotinar\.venv\Lib\site-packages\httpcore\_sync\connection_pool.py", line 256, in handle_request
    raise exc from None
  File "C:\Users\Ilia\Desktop\Rotinar\.venv\Lib\site-packages\httpcore\_sync\connection_pool.py", line 236, in handle_request
    response = connection.handle_request(
        pool_request.request
    )
  File "C:\Users\Ilia\Desktop\Rotinar\.venv\Lib\site-packages\httpcore\_sync\connection.py", line 103, in handle_request
    return self._connection.handle_request(request)
           ~~~~~~~~~~~~~~~~~~~~~~~~~~~~~~~^^^^^^^^^
  File "C:\Users\Ilia\Desktop\Rotinar\.venv\Lib\site-packages\httpcore\_sync\http2.py", line 187, in handle_request
    raise exc
  File "C:\Users\Ilia\Desktop\Rotinar\.venv\Lib\site-packages\httpcore\_sync\http2.py", line 150, in handle_request
    status, headers = self._receive_response(
                      ~~~~~~~~~~~~~~~~~~~~~~^
        request=request, stream_id=stream_id
        ^^^^^^^^^^^^^^^^^^^^^^^^^^^^^^^^^^^^
    )
    ^
  File "C:\Users\Ilia\Desktop\Rotinar\.venv\Lib\site-packages\httpcore\_sync\http2.py", line 294, in _receive_response
    event = self._receive_stream_event(request, stream_id)
  File "C:\Users\Ilia\Desktop\Rotinar\.venv\Lib\site-packages\httpcore\_sync\http2.py", line 336, in _receive_stream_event
    self._receive_events(request, stream_id)
    ~~~~~~~~~~~~~~~~~~~~^^^^^^^^^^^^^^^^^^^^
  File "C:\Users\Ilia\Desktop\Rotinar\.venv\Lib\site-packages\httpcore\_sync\http2.py", line 364, in _receive_events
    events = self._read_incoming_data(request)
  File "C:\Users\Ilia\Desktop\Rotinar\.venv\Lib\site-packages\httpcore\_sync\http2.py", line 455, in _read_incoming_data
    raise exc
  File "C:\Users\Ilia\Desktop\Rotinar\.venv\Lib\site-packages\httpcore\_sync\http2.py", line 441, in _read_incoming_data
    data = self._network_stream.read(self.READ_NUM_BYTES, timeout)
  File "C:\Users\Ilia\Desktop\Rotinar\.venv\Lib\site-packages\httpcore\_backends\sync.py", line 126, in read
    with map_exceptions(exc_map):
         ~~~~~~~~~~~~~~^^^^^^^^^
  File "C:\Users\Ilia\AppData\Local\Programs\Python\Python313\Lib\contextlib.py", line 162, in __exit__
    self.gen.throw(value)
    ~~~~~~~~~~~~~~^^^^^^^
  File "C:\Users\Ilia\Desktop\Rotinar\.venv\Lib\site-packages\httpcore\_exceptions.py", line 14, in map_exceptions
    raise to_exc(exc) from exc
httpcore.ReadError: [WinError 10035] ќпераци€ на незаблокированном сокете не может быть завершена немедленно

The above exception was the direct cause of the following exception:

Traceback (most recent call last):
  File "C:\Users\Ilia\Desktop\Rotinar\app\main.py", line 257, in robust_polling
    bot.polling(
    ~~~~~~~~~~~^
        none_stop=True,
        ^^^^^^^^^^^^^^^
    ...<2 lines>...
        long_polling_timeout=30
        ^^^^^^^^^^^^^^^^^^^^^^^
    )
    ^
  File "C:\Users\Ilia\Desktop\Rotinar\.venv\Lib\site-packages\telebot\__init__.py", line 1198, in polling
    self.__threaded_polling(non_stop=non_stop, interval=interval, timeout=timeout, long_polling_timeout=long_polling_timeout,
    ~~~~~~~~~~~~~~~~~~~~~~~^^^^^^^^^^^^^^^^^^^^^^^^^^^^^^^^^^^^^^^^^^^^^^^^^^^^^^^^^^^^^^^^^^^^^^^^^^^^^^^^^^^^^^^^^^^^^^^^^^
                            logger_level=logger_level, allowed_updates=allowed_updates)
                            ^^^^^^^^^^^^^^^^^^^^^^^^^^^^^^^^^^^^^^^^^^^^^^^^^^^^^^^^^^^
  File "C:\Users\Ilia\Desktop\Rotinar\.venv\Lib\site-packages\telebot\__init__.py", line 1273, in __threaded_polling
    raise e
  File "C:\Users\Ilia\Desktop\Rotinar\.venv\Lib\site-packages\telebot\__init__.py", line 1235, in __threaded_polling
    self.worker_pool.raise_exceptions()
    ~~~~~~~~~~~~~~~~~~~~~~~~~~~~~~~~~^^
  File "C:\Users\Ilia\Desktop\Rotinar\.venv\Lib\site-packages\telebot\util.py", line 150, in raise_exceptions
    raise self.exception_info
  File "C:\Users\Ilia\Desktop\Rotinar\.venv\Lib\site-packages\telebot\util.py", line 93, in run
    task(*args, **kwargs)
    ~~~~^^^^^^^^^^^^^^^^^
  File "C:\Users\Ilia\Desktop\Rotinar\.venv\Lib\site-packages\telebot\__init__.py", line 9759, in _run_middlewares_and_handler
    result = handler['function'](message)
  File "C:\Users\Ilia\Desktop\Rotinar\app\bot\handlers.py", line 37, in start_handler
    user_verification(message, driver_panel, manager_panel)
    ~~~~~~~~~~~~~~~~~^^^^^^^^^^^^^^^^^^^^^^^^^^^^^^^^^^^^^^
  File "C:\Users\Ilia\Desktop\Rotinar\app\bot\utils.py", line 224, in user_verification
    response = supabase.table('users').select('telegram_id', count='exact').eq('telegram_id', message.chat.id).execute()
  File "C:\Users\Ilia\Desktop\Rotinar\.venv\Lib\site-packages\postgrest\_sync\request_builder.py", line 57, in execute
    r = self.session.request(
        self.http_method,
    ...<3 lines>...
        headers=self.headers,
    )
  File "C:\Users\Ilia\Desktop\Rotinar\.venv\Lib\site-packages\httpx\_client.py", line 825, in request
    return self.send(request, auth=auth, follow_redirects=follow_redirects)
           ~~~~~~~~~^^^^^^^^^^^^^^^^^^^^^^^^^^^^^^^^^^^^^^^^^^^^^^^^^^^^^^^
  File "C:\Users\Ilia\Desktop\Rotinar\.venv\Lib\site-packages\httpx\_client.py", line 914, in send
    response = self._send_handling_auth(
        request,
    ...<2 lines>...
        history=[],
    )
  File "C:\Users\Ilia\Desktop\Rotinar\.venv\Lib\site-packages\httpx\_client.py", line 942, in _send_handling_auth
    response = self._send_handling_redirects(
        request,
        follow_redirects=follow_redirects,
        history=history,
    )
  File "C:\Users\Ilia\Desktop\Rotinar\.venv\Lib\site-packages\httpx\_client.py", line 979, in _send_handling_redirects
    response = self._send_single_request(request)
  File "C:\Users\Ilia\Desktop\Rotinar\.venv\Lib\site-packages\httpx\_client.py", line 1014, in _send_single_request
    response = transport.handle_request(request)
  File "C:\Users\Ilia\Desktop\Rotinar\.venv\Lib\site-packages\httpx\_transports\default.py", line 249, in handle_request
    with map_httpcore_exceptions():
         ~~~~~~~~~~~~~~~~~~~~~~~^^
  File "C:\Users\Ilia\AppData\Local\Programs\Python\Python313\Lib\contextlib.py", line 162, in __exit__
    self.gen.throw(value)
    ~~~~~~~~~~~~~~^^^^^^^
  File "C:\Users\Ilia\Desktop\Rotinar\.venv\Lib\site-packages\httpx\_transports\default.py", line 118, in map_httpcore_exceptions
    raise mapped_exc(message) from exc
httpx.ReadError: [WinError 10035] ќпераци€ на незаблокированном сокете не может быть завершена немедленно
2025-08-07 13:33:31,634 - INFO - Restarting in 10 seconds...
2025-08-07 13:33:41,635 - INFO - Starting bot polling...
2025-08-07 13:33:45,423 - INFO - HTTP Request: GET https://desgxzdvmuwywlfguzpz.supabase.co/rest/v1/users?select=telegram_id&telegram_id=eq.1893888757 "HTTP/2 200 OK"
2025-08-07 13:33:45,567 - INFO - HTTP Request: GET https://desgxzdvmuwywlfguzpz.supabase.co/rest/v1/users?select=role&telegram_id=eq.1893888757 "HTTP/2 200 OK"
2025-08-07 13:33:45,772 - INFO - HTTP Request: GET https://desgxzdvmuwywlfguzpz.supabase.co/rest/v1/users?select=role&telegram_id=eq.1893888757 "HTTP/2 200 OK"
2025-08-07 13:33:48,455 - INFO - HTTP Request: GET https://desgxzdvmuwywlfguzpz.supabase.co/rest/v1/users?select=last_name%2Cfirst_name%2Csurname%2Cphone_number%2Cstate_id&role=eq.driver&is_on_shift=eq.True&state_id=in.%281%2C2%2C3%2C4%2C5%29 "HTTP/2 200 OK"
2025-08-07 13:33:57,866 - INFO - HTTP Request: GET https://desgxzdvmuwywlfguzpz.supabase.co/rest/v1/users?select=telegram_id&telegram_id=eq.1893888757 "HTTP/2 200 OK"
2025-08-07 13:33:57,999 - INFO - HTTP Request: GET https://desgxzdvmuwywlfguzpz.supabase.co/rest/v1/users?select=role&telegram_id=eq.1893888757 "HTTP/2 200 OK"
2025-08-07 13:33:58,234 - INFO - HTTP Request: GET https://desgxzdvmuwywlfguzpz.supabase.co/rest/v1/users?select=role&telegram_id=eq.1893888757 "HTTP/2 200 OK"
2025-08-07 13:33:59,837 - INFO - HTTP Request: GET https://desgxzdvmuwywlfguzpz.supabase.co/rest/v1/users?select=last_name%2Cfirst_name%2Csurname%2Cphone_number%2Cstate_id&role=eq.driver&is_on_shift=eq.True&state_id=in.%281%2C2%2C3%2C4%2C5%29 "HTTP/2 200 OK"
2025-08-07 13:34:03,133 - INFO - HTTP Request: GET https://desgxzdvmuwywlfguzpz.supabase.co/rest/v1/users?select=role&telegram_id=eq.1893888757 "HTTP/2 200 OK"
2025-08-07 13:34:04,197 - INFO - HTTP Request: GET https://desgxzdvmuwywlfguzpz.supabase.co/rest/v1/users?select=last_name%2Cfirst_name%2Csurname%2Cphone_number%2Cstate_id&role=eq.driver&is_on_shift=eq.True&state_id=in.%281%2C2%2C3%2C4%2C5%29 "HTTP/2 200 OK"
2025-08-07 13:34:14,603 - INFO - HTTP Request: GET https://desgxzdvmuwywlfguzpz.supabase.co/rest/v1/users?select=role&telegram_id=eq.1893888757 "HTTP/2 200 OK"
2025-08-07 13:34:18,856 - INFO - HTTP Request: GET https://desgxzdvmuwywlfguzpz.supabase.co/rest/v1/users?select=role&telegram_id=eq.1893888757 "HTTP/2 200 OK"
2025-08-07 13:35:01,050 - INFO - HTTP Request: GET https://desgxzdvmuwywlfguzpz.supabase.co/rest/v1/users?select=last_name%2Cfirst_name%2Csurname%2Cphone_number%2Cstate_id&role=eq.driver&is_on_shift=eq.True&state_id=in.%281%2C2%2C3%2C4%2C5%29 "HTTP/2 200 OK"
2025-08-07 13:35:01,057 - INFO - HTTP Request: GET https://desgxzdvmuwywlfguzpz.supabase.co/rest/v1/users?select=last_name%2Cfirst_name%2Csurname%2Cphone_number%2Cstate_id&role=eq.driver&is_on_shift=eq.True&state_id=in.%281%2C2%2C3%2C4%2C5%29 "HTTP/2 200 OK"
2025-08-07 13:35:16,363 - ERROR - Critical error: [WinError 10035] ќпераци€ на незаблокированном сокете не может быть завершена немедленно
Traceback (most recent call last):
  File "C:\Users\Ilia\Desktop\Rotinar\.venv\Lib\site-packages\httpx\_transports\default.py", line 101, in map_httpcore_exceptions
    yield
  File "C:\Users\Ilia\Desktop\Rotinar\.venv\Lib\site-packages\httpx\_transports\default.py", line 250, in handle_request
    resp = self._pool.handle_request(req)
  File "C:\Users\Ilia\Desktop\Rotinar\.venv\Lib\site-packages\httpcore\_sync\connection_pool.py", line 256, in handle_request
    raise exc from None
  File "C:\Users\Ilia\Desktop\Rotinar\.venv\Lib\site-packages\httpcore\_sync\connection_pool.py", line 236, in handle_request
    response = connection.handle_request(
        pool_request.request
    )
  File "C:\Users\Ilia\Desktop\Rotinar\.venv\Lib\site-packages\httpcore\_sync\connection.py", line 103, in handle_request
    return self._connection.handle_request(request)
           ~~~~~~~~~~~~~~~~~~~~~~~~~~~~~~~^^^^^^^^^
  File "C:\Users\Ilia\Desktop\Rotinar\.venv\Lib\site-packages\httpcore\_sync\http2.py", line 187, in handle_request
    raise exc
  File "C:\Users\Ilia\Desktop\Rotinar\.venv\Lib\site-packages\httpcore\_sync\http2.py", line 150, in handle_request
    status, headers = self._receive_response(
                      ~~~~~~~~~~~~~~~~~~~~~~^
        request=request, stream_id=stream_id
        ^^^^^^^^^^^^^^^^^^^^^^^^^^^^^^^^^^^^
    )
    ^
  File "C:\Users\Ilia\Desktop\Rotinar\.venv\Lib\site-packages\httpcore\_sync\http2.py", line 294, in _receive_response
    event = self._receive_stream_event(request, stream_id)
  File "C:\Users\Ilia\Desktop\Rotinar\.venv\Lib\site-packages\httpcore\_sync\http2.py", line 336, in _receive_stream_event
    self._receive_events(request, stream_id)
    ~~~~~~~~~~~~~~~~~~~~^^^^^^^^^^^^^^^^^^^^
  File "C:\Users\Ilia\Desktop\Rotinar\.venv\Lib\site-packages\httpcore\_sync\http2.py", line 364, in _receive_events
    events = self._read_incoming_data(request)
  File "C:\Users\Ilia\Desktop\Rotinar\.venv\Lib\site-packages\httpcore\_sync\http2.py", line 438, in _read_incoming_data
    raise self._read_exception  # pragma: nocover
    ^^^^^^^^^^^^^^^^^^^^^^^^^^
  File "C:\Users\Ilia\Desktop\Rotinar\.venv\Lib\site-packages\httpx\_transports\default.py", line 101, in map_httpcore_exceptions
    yield
  File "C:\Users\Ilia\Desktop\Rotinar\.venv\Lib\site-packages\httpx\_transports\default.py", line 250, in handle_request
    resp = self._pool.handle_request(req)
  File "C:\Users\Ilia\Desktop\Rotinar\.venv\Lib\site-packages\httpcore\_sync\connection_pool.py", line 256, in handle_request
    raise exc from None
  File "C:\Users\Ilia\Desktop\Rotinar\.venv\Lib\site-packages\httpcore\_sync\connection_pool.py", line 236, in handle_request
    response = connection.handle_request(
        pool_request.request
    )
  File "C:\Users\Ilia\Desktop\Rotinar\.venv\Lib\site-packages\httpcore\_sync\connection.py", line 103, in handle_request
    return self._connection.handle_request(request)
           ~~~~~~~~~~~~~~~~~~~~~~~~~~~~~~~^^^^^^^^^
  File "C:\Users\Ilia\Desktop\Rotinar\.venv\Lib\site-packages\httpcore\_sync\http2.py", line 187, in handle_request
    raise exc
  File "C:\Users\Ilia\Desktop\Rotinar\.venv\Lib\site-packages\httpcore\_sync\http2.py", line 150, in handle_request
    status, headers = self._receive_response(
                      ~~~~~~~~~~~~~~~~~~~~~~^
        request=request, stream_id=stream_id
        ^^^^^^^^^^^^^^^^^^^^^^^^^^^^^^^^^^^^
    )
    ^
  File "C:\Users\Ilia\Desktop\Rotinar\.venv\Lib\site-packages\httpcore\_sync\http2.py", line 294, in _receive_response
    event = self._receive_stream_event(request, stream_id)
  File "C:\Users\Ilia\Desktop\Rotinar\.venv\Lib\site-packages\httpcore\_sync\http2.py", line 336, in _receive_stream_event
    self._receive_events(request, stream_id)
    ~~~~~~~~~~~~~~~~~~~~^^^^^^^^^^^^^^^^^^^^
  File "C:\Users\Ilia\Desktop\Rotinar\.venv\Lib\site-packages\httpcore\_sync\http2.py", line 364, in _receive_events
    events = self._read_incoming_data(request)
  File "C:\Users\Ilia\Desktop\Rotinar\.venv\Lib\site-packages\httpcore\_sync\http2.py", line 455, in _read_incoming_data
    raise exc
  File "C:\Users\Ilia\Desktop\Rotinar\.venv\Lib\site-packages\httpcore\_sync\http2.py", line 441, in _read_incoming_data
    data = self._network_stream.read(self.READ_NUM_BYTES, timeout)
  File "C:\Users\Ilia\Desktop\Rotinar\.venv\Lib\site-packages\httpcore\_backends\sync.py", line 126, in read
    with map_exceptions(exc_map):
         ~~~~~~~~~~~~~~^^^^^^^^^
  File "C:\Users\Ilia\AppData\Local\Programs\Python\Python313\Lib\contextlib.py", line 162, in __exit__
    self.gen.throw(value)
    ~~~~~~~~~~~~~~^^^^^^^
  File "C:\Users\Ilia\Desktop\Rotinar\.venv\Lib\site-packages\httpcore\_exceptions.py", line 14, in map_exceptions
    raise to_exc(exc) from exc
httpcore.ReadError: [WinError 10035] ќпераци€ на незаблокированном сокете не может быть завершена немедленно

The above exception was the direct cause of the following exception:

Traceback (most recent call last):
  File "C:\Users\Ilia\Desktop\Rotinar\app\main.py", line 257, in robust_polling
    bot.polling(
    ~~~~~~~~~~~^
        none_stop=True,
        ^^^^^^^^^^^^^^^
    ...<2 lines>...
        long_polling_timeout=30
        ^^^^^^^^^^^^^^^^^^^^^^^
    )
    ^
  File "C:\Users\Ilia\Desktop\Rotinar\.venv\Lib\site-packages\telebot\__init__.py", line 1198, in polling
    self.__threaded_polling(non_stop=non_stop, interval=interval, timeout=timeout, long_polling_timeout=long_polling_timeout,
    ~~~~~~~~~~~~~~~~~~~~~~~^^^^^^^^^^^^^^^^^^^^^^^^^^^^^^^^^^^^^^^^^^^^^^^^^^^^^^^^^^^^^^^^^^^^^^^^^^^^^^^^^^^^^^^^^^^^^^^^^^
                            logger_level=logger_level, allowed_updates=allowed_updates)
                            ^^^^^^^^^^^^^^^^^^^^^^^^^^^^^^^^^^^^^^^^^^^^^^^^^^^^^^^^^^^
  File "C:\Users\Ilia\Desktop\Rotinar\.venv\Lib\site-packages\telebot\__init__.py", line 1273, in __threaded_polling
    raise e
  File "C:\Users\Ilia\Desktop\Rotinar\.venv\Lib\site-packages\telebot\__init__.py", line 1235, in __threaded_polling
    self.worker_pool.raise_exceptions()
    ~~~~~~~~~~~~~~~~~~~~~~~~~~~~~~~~~^^
  File "C:\Users\Ilia\Desktop\Rotinar\.venv\Lib\site-packages\telebot\util.py", line 150, in raise_exceptions
    raise self.exception_info
  File "C:\Users\Ilia\Desktop\Rotinar\.venv\Lib\site-packages\telebot\util.py", line 93, in run
    task(*args, **kwargs)
    ~~~~^^^^^^^^^^^^^^^^^
  File "C:\Users\Ilia\Desktop\Rotinar\app\bot\handlers.py", line 51, in <lambda>
    bot.register_next_step_handler(message, lambda msg: on_click_manager_panel(msg, manager_panel))
                                                        ~~~~~~~~~~~~~~~~~~~~~~^^^^^^^^^^^^^^^^^^^^
  File "C:\Users\Ilia\Desktop\Rotinar\app\bot\utils.py", line 212, in on_click_manager_panel
    manager_panel(message)
    ~~~~~~~~~~~~~^^^^^^^^^
  File "C:\Users\Ilia\Desktop\Rotinar\app\bot\utils.py", line 70, in wrapper
    user_role = check_user_role(message.from_user.id)
  File "C:\Users\Ilia\Desktop\Rotinar\app\database\crud.py", line 8, in check_user_role
    user = supabase.table('users').select('role').eq('telegram_id', telegram_id).execute()
  File "C:\Users\Ilia\Desktop\Rotinar\.venv\Lib\site-packages\postgrest\_sync\request_builder.py", line 57, in execute
    r = self.session.request(
        self.http_method,
    ...<3 lines>...
        headers=self.headers,
    )
  File "C:\Users\Ilia\Desktop\Rotinar\.venv\Lib\site-packages\httpx\_client.py", line 825, in request
    return self.send(request, auth=auth, follow_redirects=follow_redirects)
           ~~~~~~~~~^^^^^^^^^^^^^^^^^^^^^^^^^^^^^^^^^^^^^^^^^^^^^^^^^^^^^^^
  File "C:\Users\Ilia\Desktop\Rotinar\.venv\Lib\site-packages\httpx\_client.py", line 914, in send
    response = self._send_handling_auth(
        request,
    ...<2 lines>...
        history=[],
    )
  File "C:\Users\Ilia\Desktop\Rotinar\.venv\Lib\site-packages\httpx\_client.py", line 942, in _send_handling_auth
    response = self._send_handling_redirects(
        request,
        follow_redirects=follow_redirects,
        history=history,
    )
  File "C:\Users\Ilia\Desktop\Rotinar\.venv\Lib\site-packages\httpx\_client.py", line 979, in _send_handling_redirects
    response = self._send_single_request(request)
  File "C:\Users\Ilia\Desktop\Rotinar\.venv\Lib\site-packages\httpx\_client.py", line 1014, in _send_single_request
    response = transport.handle_request(request)
  File "C:\Users\Ilia\Desktop\Rotinar\.venv\Lib\site-packages\httpx\_transports\default.py", line 249, in handle_request
    with map_httpcore_exceptions():
         ~~~~~~~~~~~~~~~~~~~~~~~^^
  File "C:\Users\Ilia\AppData\Local\Programs\Python\Python313\Lib\contextlib.py", line 162, in __exit__
    self.gen.throw(value)
    ~~~~~~~~~~~~~~^^^^^^^
  File "C:\Users\Ilia\Desktop\Rotinar\.venv\Lib\site-packages\httpx\_transports\default.py", line 118, in map_httpcore_exceptions
    raise mapped_exc(message) from exc
httpx.ReadError: [WinError 10035] ќпераци€ на незаблокированном сокете не может быть завершена немедленно
2025-08-07 13:35:16,433 - INFO - Restarting in 10 seconds...
2025-08-07 13:35:16,539 - INFO - HTTP Request: GET https://desgxzdvmuwywlfguzpz.supabase.co/rest/v1/users?select=telegram_id&telegram_id=eq.1893888757 "HTTP/2 200 OK"
2025-08-07 13:35:16,694 - INFO - HTTP Request: GET https://desgxzdvmuwywlfguzpz.supabase.co/rest/v1/users?select=role&telegram_id=eq.1893888757 "HTTP/2 200 OK"
2025-08-07 13:35:16,947 - INFO - HTTP Request: GET https://desgxzdvmuwywlfguzpz.supabase.co/rest/v1/users?select=role&telegram_id=eq.1893888757 "HTTP/2 200 OK"
2025-08-07 13:35:18,475 - INFO - HTTP Request: GET https://desgxzdvmuwywlfguzpz.supabase.co/rest/v1/users?select=last_name%2Cfirst_name%2Csurname%2Cphone_number%2Cstate_id&role=eq.driver&is_on_shift=eq.True&state_id=in.%281%2C2%2C3%2C4%2C5%29 "HTTP/2 200 OK"
2025-08-07 13:35:26,436 - INFO - Starting bot polling...
2025-08-07 13:35:28,478 - ERROR - Critical error: [WinError 10035] ќпераци€ на незаблокированном сокете не может быть завершена немедленно
Traceback (most recent call last):
  File "C:\Users\Ilia\Desktop\Rotinar\.venv\Lib\site-packages\httpx\_transports\default.py", line 101, in map_httpcore_exceptions
    yield
  File "C:\Users\Ilia\Desktop\Rotinar\.venv\Lib\site-packages\httpx\_transports\default.py", line 250, in handle_request
    resp = self._pool.handle_request(req)
  File "C:\Users\Ilia\Desktop\Rotinar\.venv\Lib\site-packages\httpcore\_sync\connection_pool.py", line 256, in handle_request
    raise exc from None
  File "C:\Users\Ilia\Desktop\Rotinar\.venv\Lib\site-packages\httpcore\_sync\connection_pool.py", line 236, in handle_request
    response = connection.handle_request(
        pool_request.request
    )
  File "C:\Users\Ilia\Desktop\Rotinar\.venv\Lib\site-packages\httpcore\_sync\connection.py", line 103, in handle_request
    return self._connection.handle_request(request)
           ~~~~~~~~~~~~~~~~~~~~~~~~~~~~~~~^^^^^^^^^
  File "C:\Users\Ilia\Desktop\Rotinar\.venv\Lib\site-packages\httpcore\_sync\http2.py", line 187, in handle_request
    raise exc
  File "C:\Users\Ilia\Desktop\Rotinar\.venv\Lib\site-packages\httpcore\_sync\http2.py", line 150, in handle_request
    status, headers = self._receive_response(
                      ~~~~~~~~~~~~~~~~~~~~~~^
        request=request, stream_id=stream_id
        ^^^^^^^^^^^^^^^^^^^^^^^^^^^^^^^^^^^^
    )
    ^
  File "C:\Users\Ilia\Desktop\Rotinar\.venv\Lib\site-packages\httpcore\_sync\http2.py", line 294, in _receive_response
    event = self._receive_stream_event(request, stream_id)
  File "C:\Users\Ilia\Desktop\Rotinar\.venv\Lib\site-packages\httpcore\_sync\http2.py", line 336, in _receive_stream_event
    self._receive_events(request, stream_id)
    ~~~~~~~~~~~~~~~~~~~~^^^^^^^^^^^^^^^^^^^^
  File "C:\Users\Ilia\Desktop\Rotinar\.venv\Lib\site-packages\httpcore\_sync\http2.py", line 364, in _receive_events
    events = self._read_incoming_data(request)
  File "C:\Users\Ilia\Desktop\Rotinar\.venv\Lib\site-packages\httpcore\_sync\http2.py", line 438, in _read_incoming_data
    raise self._read_exception  # pragma: nocover
    ^^^^^^^^^^^^^^^^^^^^^^^^^^
  File "C:\Users\Ilia\Desktop\Rotinar\.venv\Lib\site-packages\httpx\_transports\default.py", line 101, in map_httpcore_exceptions
    yield
  File "C:\Users\Ilia\Desktop\Rotinar\.venv\Lib\site-packages\httpx\_transports\default.py", line 250, in handle_request
    resp = self._pool.handle_request(req)
  File "C:\Users\Ilia\Desktop\Rotinar\.venv\Lib\site-packages\httpcore\_sync\connection_pool.py", line 256, in handle_request
    raise exc from None
  File "C:\Users\Ilia\Desktop\Rotinar\.venv\Lib\site-packages\httpcore\_sync\connection_pool.py", line 236, in handle_request
    response = connection.handle_request(
        pool_request.request
    )
  File "C:\Users\Ilia\Desktop\Rotinar\.venv\Lib\site-packages\httpcore\_sync\connection.py", line 103, in handle_request
    return self._connection.handle_request(request)
           ~~~~~~~~~~~~~~~~~~~~~~~~~~~~~~~^^^^^^^^^
  File "C:\Users\Ilia\Desktop\Rotinar\.venv\Lib\site-packages\httpcore\_sync\http2.py", line 187, in handle_request
    raise exc
  File "C:\Users\Ilia\Desktop\Rotinar\.venv\Lib\site-packages\httpcore\_sync\http2.py", line 150, in handle_request
    status, headers = self._receive_response(
                      ~~~~~~~~~~~~~~~~~~~~~~^
        request=request, stream_id=stream_id
        ^^^^^^^^^^^^^^^^^^^^^^^^^^^^^^^^^^^^
    )
    ^
  File "C:\Users\Ilia\Desktop\Rotinar\.venv\Lib\site-packages\httpcore\_sync\http2.py", line 294, in _receive_response
    event = self._receive_stream_event(request, stream_id)
  File "C:\Users\Ilia\Desktop\Rotinar\.venv\Lib\site-packages\httpcore\_sync\http2.py", line 336, in _receive_stream_event
    self._receive_events(request, stream_id)
    ~~~~~~~~~~~~~~~~~~~~^^^^^^^^^^^^^^^^^^^^
  File "C:\Users\Ilia\Desktop\Rotinar\.venv\Lib\site-packages\httpcore\_sync\http2.py", line 364, in _receive_events
    events = self._read_incoming_data(request)
  File "C:\Users\Ilia\Desktop\Rotinar\.venv\Lib\site-packages\httpcore\_sync\http2.py", line 455, in _read_incoming_data
    raise exc
  File "C:\Users\Ilia\Desktop\Rotinar\.venv\Lib\site-packages\httpcore\_sync\http2.py", line 441, in _read_incoming_data
    data = self._network_stream.read(self.READ_NUM_BYTES, timeout)
  File "C:\Users\Ilia\Desktop\Rotinar\.venv\Lib\site-packages\httpcore\_backends\sync.py", line 126, in read
    with map_exceptions(exc_map):
         ~~~~~~~~~~~~~~^^^^^^^^^
  File "C:\Users\Ilia\AppData\Local\Programs\Python\Python313\Lib\contextlib.py", line 162, in __exit__
    self.gen.throw(value)
    ~~~~~~~~~~~~~~^^^^^^^
  File "C:\Users\Ilia\Desktop\Rotinar\.venv\Lib\site-packages\httpcore\_exceptions.py", line 14, in map_exceptions
    raise to_exc(exc) from exc
httpcore.ReadError: [WinError 10035] ќпераци€ на незаблокированном сокете не может быть завершена немедленно

The above exception was the direct cause of the following exception:

Traceback (most recent call last):
  File "C:\Users\Ilia\Desktop\Rotinar\app\main.py", line 257, in robust_polling
    bot.polling(
    ~~~~~~~~~~~^
        none_stop=True,
        ^^^^^^^^^^^^^^^
    ...<2 lines>...
        long_polling_timeout=30
        ^^^^^^^^^^^^^^^^^^^^^^^
    )
    ^
  File "C:\Users\Ilia\Desktop\Rotinar\.venv\Lib\site-packages\telebot\__init__.py", line 1198, in polling
    self.__threaded_polling(non_stop=non_stop, interval=interval, timeout=timeout, long_polling_timeout=long_polling_timeout,
    ~~~~~~~~~~~~~~~~~~~~~~~^^^^^^^^^^^^^^^^^^^^^^^^^^^^^^^^^^^^^^^^^^^^^^^^^^^^^^^^^^^^^^^^^^^^^^^^^^^^^^^^^^^^^^^^^^^^^^^^^^
                            logger_level=logger_level, allowed_updates=allowed_updates)
                            ^^^^^^^^^^^^^^^^^^^^^^^^^^^^^^^^^^^^^^^^^^^^^^^^^^^^^^^^^^^
  File "C:\Users\Ilia\Desktop\Rotinar\.venv\Lib\site-packages\telebot\__init__.py", line 1273, in __threaded_polling
    raise e
  File "C:\Users\Ilia\Desktop\Rotinar\.venv\Lib\site-packages\telebot\__init__.py", line 1235, in __threaded_polling
    self.worker_pool.raise_exceptions()
    ~~~~~~~~~~~~~~~~~~~~~~~~~~~~~~~~~^^
  File "C:\Users\Ilia\Desktop\Rotinar\.venv\Lib\site-packages\telebot\util.py", line 150, in raise_exceptions
    raise self.exception_info
  File "C:\Users\Ilia\Desktop\Rotinar\.venv\Lib\site-packages\telebot\util.py", line 93, in run
    task(*args, **kwargs)
    ~~~~^^^^^^^^^^^^^^^^^
  File "C:\Users\Ilia\Desktop\Rotinar\app\bot\handlers.py", line 51, in <lambda>
    bot.register_next_step_handler(message, lambda msg: on_click_manager_panel(msg, manager_panel))
                                                        ~~~~~~~~~~~~~~~~~~~~~~^^^^^^^^^^^^^^^^^^^^
  File "C:\Users\Ilia\Desktop\Rotinar\app\bot\utils.py", line 212, in on_click_manager_panel
    manager_panel(message)
    ~~~~~~~~~~~~~^^^^^^^^^
  File "C:\Users\Ilia\Desktop\Rotinar\app\bot\utils.py", line 70, in wrapper
    user_role = check_user_role(message.from_user.id)
  File "C:\Users\Ilia\Desktop\Rotinar\app\database\crud.py", line 8, in check_user_role
    user = supabase.table('users').select('role').eq('telegram_id', telegram_id).execute()
  File "C:\Users\Ilia\Desktop\Rotinar\.venv\Lib\site-packages\postgrest\_sync\request_builder.py", line 57, in execute
    r = self.session.request(
        self.http_method,
    ...<3 lines>...
        headers=self.headers,
    )
  File "C:\Users\Ilia\Desktop\Rotinar\.venv\Lib\site-packages\httpx\_client.py", line 825, in request
    return self.send(request, auth=auth, follow_redirects=follow_redirects)
           ~~~~~~~~~^^^^^^^^^^^^^^^^^^^^^^^^^^^^^^^^^^^^^^^^^^^^^^^^^^^^^^^
  File "C:\Users\Ilia\Desktop\Rotinar\.venv\Lib\site-packages\httpx\_client.py", line 914, in send
    response = self._send_handling_auth(
        request,
    ...<2 lines>...
        history=[],
    )
  File "C:\Users\Ilia\Desktop\Rotinar\.venv\Lib\site-packages\httpx\_client.py", line 942, in _send_handling_auth
    response = self._send_handling_redirects(
        request,
        follow_redirects=follow_redirects,
        history=history,
    )
  File "C:\Users\Ilia\Desktop\Rotinar\.venv\Lib\site-packages\httpx\_client.py", line 979, in _send_handling_redirects
    response = self._send_single_request(request)
  File "C:\Users\Ilia\Desktop\Rotinar\.venv\Lib\site-packages\httpx\_client.py", line 1014, in _send_single_request
    response = transport.handle_request(request)
  File "C:\Users\Ilia\Desktop\Rotinar\.venv\Lib\site-packages\httpx\_transports\default.py", line 249, in handle_request
    with map_httpcore_exceptions():
         ~~~~~~~~~~~~~~~~~~~~~~~^^
  File "C:\Users\Ilia\AppData\Local\Programs\Python\Python313\Lib\contextlib.py", line 162, in __exit__
    self.gen.throw(value)
    ~~~~~~~~~~~~~~^^^^^^^
  File "C:\Users\Ilia\Desktop\Rotinar\.venv\Lib\site-packages\httpx\_transports\default.py", line 118, in map_httpcore_exceptions
    raise mapped_exc(message) from exc
httpx.ReadError: [WinError 10035] ќпераци€ на незаблокированном сокете не может быть завершена немедленно
2025-08-07 13:35:28,550 - INFO - Restarting in 10 seconds...
2025-08-07 13:35:33,272 - INFO - HTTP Request: GET https://desgxzdvmuwywlfguzpz.supabase.co/rest/v1/users?select=role&telegram_id=eq.1893888757 "HTTP/2 200 OK"
2025-08-07 13:35:38,551 - INFO - Starting bot polling...
2025-08-07 13:36:30,601 - INFO - Starting bot polling...
2025-08-07 13:36:36,258 - INFO - HTTP Request: GET https://desgxzdvmuwywlfguzpz.supabase.co/rest/v1/users?select=telegram_id&telegram_id=eq.1893888757 "HTTP/2 200 OK"
2025-08-07 13:36:36,441 - INFO - HTTP Request: GET https://desgxzdvmuwywlfguzpz.supabase.co/rest/v1/users?select=role&telegram_id=eq.1893888757 "HTTP/2 200 OK"
2025-08-07 13:36:36,798 - INFO - HTTP Request: GET https://desgxzdvmuwywlfguzpz.supabase.co/rest/v1/users?select=role&telegram_id=eq.1893888757 "HTTP/2 200 OK"
2025-08-07 13:36:38,222 - INFO - HTTP Request: GET https://desgxzdvmuwywlfguzpz.supabase.co/rest/v1/users?select=last_name%2Cfirst_name%2Csurname%2Cphone_number%2Cstate_id&role=eq.driver&is_on_shift=eq.True&state_id=in.%281%2C2%2C3%2C4%2C5%29 "HTTP/2 200 OK"
2025-08-07 13:36:53,303 - INFO - HTTP Request: GET https://desgxzdvmuwywlfguzpz.supabase.co/rest/v1/users?select=role&telegram_id=eq.1893888757 "HTTP/2 200 OK"
2025-08-07 13:37:18,947 - INFO - Starting bot polling...
2025-08-07 13:37:33,518 - INFO - HTTP Request: GET https://desgxzdvmuwywlfguzpz.supabase.co/rest/v1/users?select=role&telegram_id=eq.1893888757 "HTTP/2 200 OK"
2025-08-07 13:37:35,342 - INFO - HTTP Request: GET https://desgxzdvmuwywlfguzpz.supabase.co/rest/v1/users?select=last_name%2Cfirst_name%2Csurname%2Cphone_number%2Cstate_id&role=eq.driver&state_id=eq.5&is_on_shift=eq.True "HTTP/2 200 OK"
2025-08-07 13:37:37,252 - ERROR - Critical error: 'Message' object has no attribute 'chat_id'
Traceback (most recent call last):
  File "C:\Users\Ilia\Desktop\Rotinar\app\main.py", line 257, in robust_polling
    bot.polling(
    ~~~~~~~~~~~^
        none_stop=True,
        ^^^^^^^^^^^^^^^
    ...<2 lines>...
        long_polling_timeout=30
        ^^^^^^^^^^^^^^^^^^^^^^^
    )
    ^
  File "C:\Users\Ilia\Desktop\Rotinar\.venv\Lib\site-packages\telebot\__init__.py", line 1198, in polling
    self.__threaded_polling(non_stop=non_stop, interval=interval, timeout=timeout, long_polling_timeout=long_polling_timeout,
    ~~~~~~~~~~~~~~~~~~~~~~~^^^^^^^^^^^^^^^^^^^^^^^^^^^^^^^^^^^^^^^^^^^^^^^^^^^^^^^^^^^^^^^^^^^^^^^^^^^^^^^^^^^^^^^^^^^^^^^^^^
                            logger_level=logger_level, allowed_updates=allowed_updates)
                            ^^^^^^^^^^^^^^^^^^^^^^^^^^^^^^^^^^^^^^^^^^^^^^^^^^^^^^^^^^^
  File "C:\Users\Ilia\Desktop\Rotinar\.venv\Lib\site-packages\telebot\__init__.py", line 1273, in __threaded_polling
    raise e
  File "C:\Users\Ilia\Desktop\Rotinar\.venv\Lib\site-packages\telebot\__init__.py", line 1235, in __threaded_polling
    self.worker_pool.raise_exceptions()
    ~~~~~~~~~~~~~~~~~~~~~~~~~~~~~~~~~^^
  File "C:\Users\Ilia\Desktop\Rotinar\.venv\Lib\site-packages\telebot\util.py", line 150, in raise_exceptions
    raise self.exception_info
  File "C:\Users\Ilia\Desktop\Rotinar\.venv\Lib\site-packages\telebot\util.py", line 93, in run
    task(*args, **kwargs)
    ~~~~^^^^^^^^^^^^^^^^^
  File "C:\Users\Ilia\Desktop\Rotinar\app\bot\handlers.py", line 51, in <lambda>
    bot.register_next_step_handler(message, lambda msg: on_click_manager_panel(msg, manager_panel))
                                                        ~~~~~~~~~~~~~~~~~~~~~~^^^^^^^^^^^^^^^^^^^^
  File "C:\Users\Ilia\Desktop\Rotinar\app\bot\utils.py", line 170, in on_click_manager_panel
    safe_send_message(message.chat_id, response)
                      ^^^^^^^^^^^^^^^
AttributeError: 'Message' object has no attribute 'chat_id'
2025-08-07 13:37:37,290 - INFO - Restarting in 10 seconds...
2025-08-07 13:37:47,292 - INFO - Starting bot polling...
2025-08-07 13:38:24,515 - INFO - HTTP Request: GET https://desgxzdvmuwywlfguzpz.supabase.co/rest/v1/users?select=telegram_id&telegram_id=eq.1893888757 "HTTP/2 200 OK"
2025-08-07 13:38:24,856 - INFO - HTTP Request: GET https://desgxzdvmuwywlfguzpz.supabase.co/rest/v1/users?select=role&telegram_id=eq.1893888757 "HTTP/2 200 OK"
2025-08-07 13:38:25,471 - INFO - HTTP Request: GET https://desgxzdvmuwywlfguzpz.supabase.co/rest/v1/users?select=role&telegram_id=eq.1893888757 "HTTP/2 200 OK"
2025-08-07 13:38:27,496 - INFO - HTTP Request: GET https://desgxzdvmuwywlfguzpz.supabase.co/rest/v1/users?select=last_name%2Cfirst_name%2Csurname%2Cphone_number%2Cstate_id&role=eq.driver&is_on_shift=eq.True&state_id=in.%281%2C2%2C3%2C4%2C5%29 "HTTP/2 200 OK"
2025-08-07 13:38:42,941 - INFO - HTTP Request: GET https://desgxzdvmuwywlfguzpz.supabase.co/rest/v1/users?select=role&telegram_id=eq.1893888757 "HTTP/2 200 OK"
2025-08-07 13:41:25,732 - INFO - Starting bot polling...
2025-08-07 13:41:34,088 - INFO - HTTP Request: GET https://desgxzdvmuwywlfguzpz.supabase.co/rest/v1/users?select=telegram_id&telegram_id=eq.1893888757 "HTTP/2 200 OK"
2025-08-07 13:41:34,198 - INFO - HTTP Request: GET https://desgxzdvmuwywlfguzpz.supabase.co/rest/v1/users?select=role&telegram_id=eq.1893888757 "HTTP/2 200 OK"
2025-08-07 13:41:34,630 - INFO - HTTP Request: GET https://desgxzdvmuwywlfguzpz.supabase.co/rest/v1/users?select=role&telegram_id=eq.1893888757 "HTTP/2 200 OK"
2025-08-07 13:41:36,213 - INFO - HTTP Request: GET https://desgxzdvmuwywlfguzpz.supabase.co/rest/v1/users?select=last_name%2Cfirst_name%2Csurname%2Cphone_number%2Cstate_id&role=eq.driver&is_on_shift=eq.True&state_id=in.%281%2C2%2C3%2C4%2C5%29 "HTTP/2 200 OK"
2025-08-07 13:41:36,617 - INFO - HTTP Request: GET https://desgxzdvmuwywlfguzpz.supabase.co/rest/v1/users?select=role&telegram_id=eq.1893888757 "HTTP/2 200 OK"
2025-08-07 13:41:41,980 - INFO - HTTP Request: GET https://desgxzdvmuwywlfguzpz.supabase.co/rest/v1/users?select=last_name%2Cfirst_name%2Csurname%2Cphone_number%2Cstate_id&role=eq.driver&state_id=eq.5&is_on_shift=eq.True "HTTP/2 200 OK"
2025-08-07 13:41:42,190 - INFO - HTTP Request: GET https://desgxzdvmuwywlfguzpz.supabase.co/rest/v1/users?select=role&telegram_id=eq.1893888757 "HTTP/2 200 OK"
2025-08-07 13:41:57,318 - INFO - HTTP Request: GET https://desgxzdvmuwywlfguzpz.supabase.co/rest/v1/users?select=last_name%2Cfirst_name%2Csurname%2Cphone_number%2Cstate_id&role=eq.driver&is_on_shift=eq.True&state_id=in.%281%2C2%2C3%2C4%2C5%29 "HTTP/2 200 OK"
2025-08-07 13:41:57,608 - INFO - HTTP Request: GET https://desgxzdvmuwywlfguzpz.supabase.co/rest/v1/users?select=role&telegram_id=eq.1893888757 "HTTP/2 200 OK"
2025-08-07 13:42:58,571 - INFO - Starting bot polling...
2025-08-07 13:45:15,266 - INFO - HTTP Request: GET https://desgxzdvmuwywlfguzpz.supabase.co/rest/v1/users?select=role&telegram_id=eq.1893888757 "HTTP/2 200 OK"
2025-08-07 13:45:17,043 - INFO - HTTP Request: GET https://desgxzdvmuwywlfguzpz.supabase.co/rest/v1/users?select=telegram_id&telegram_id=eq.1893888757 "HTTP/2 200 OK"
2025-08-07 13:45:17,301 - INFO - HTTP Request: GET https://desgxzdvmuwywlfguzpz.supabase.co/rest/v1/users?select=role&telegram_id=eq.1893888757 "HTTP/2 200 OK"
2025-08-07 13:45:17,535 - INFO - HTTP Request: GET https://desgxzdvmuwywlfguzpz.supabase.co/rest/v1/users?select=role&telegram_id=eq.1893888757 "HTTP/2 200 OK"
2025-08-07 13:45:17,674 - INFO - HTTP Request: GET https://desgxzdvmuwywlfguzpz.supabase.co/rest/v1/users?select=is_on_shift&telegram_id=eq.1893888757 "HTTP/2 200 OK"
2025-08-07 13:45:17,843 - INFO - HTTP Request: GET https://desgxzdvmuwywlfguzpz.supabase.co/rest/v1/users?select=state_id&telegram_id=eq.1893888757 "HTTP/2 200 OK"
2025-08-07 13:45:20,753 - INFO - HTTP Request: PATCH https://desgxzdvmuwywlfguzpz.supabase.co/rest/v1/users?telegram_id=eq.1893888757 "HTTP/2 200 OK"
2025-08-07 13:45:20,984 - INFO - HTTP Request: GET https://desgxzdvmuwywlfguzpz.supabase.co/rest/v1/users?select=role&telegram_id=eq.1893888757 "HTTP/2 200 OK"
2025-08-07 13:45:21,187 - INFO - HTTP Request: GET https://desgxzdvmuwywlfguzpz.supabase.co/rest/v1/users?select=is_on_shift&telegram_id=eq.1893888757 "HTTP/2 200 OK"
2025-08-07 13:45:21,366 - INFO - HTTP Request: GET https://desgxzdvmuwywlfguzpz.supabase.co/rest/v1/users?select=state_id&telegram_id=eq.1893888757 "HTTP/2 200 OK"
2025-08-07 13:45:23,418 - INFO - HTTP Request: PATCH https://desgxzdvmuwywlfguzpz.supabase.co/rest/v1/users?telegram_id=eq.1893888757 "HTTP/2 200 OK"
2025-08-07 13:45:23,686 - INFO - HTTP Request: GET https://desgxzdvmuwywlfguzpz.supabase.co/rest/v1/users?select=role&telegram_id=eq.1893888757 "HTTP/2 200 OK"
2025-08-07 13:45:23,849 - INFO - HTTP Request: GET https://desgxzdvmuwywlfguzpz.supabase.co/rest/v1/users?select=is_on_shift&telegram_id=eq.1893888757 "HTTP/2 200 OK"
2025-08-07 13:45:23,995 - INFO - HTTP Request: GET https://desgxzdvmuwywlfguzpz.supabase.co/rest/v1/users?select=state_id&telegram_id=eq.1893888757 "HTTP/2 200 OK"
2025-08-07 13:45:32,787 - INFO - HTTP Request: PATCH https://desgxzdvmuwywlfguzpz.supabase.co/rest/v1/users?telegram_id=eq.1893888757 "HTTP/2 200 OK"
2025-08-07 13:45:32,998 - INFO - HTTP Request: GET https://desgxzdvmuwywlfguzpz.supabase.co/rest/v1/users?select=role&telegram_id=eq.1893888757 "HTTP/2 200 OK"
2025-08-07 13:45:33,150 - INFO - HTTP Request: GET https://desgxzdvmuwywlfguzpz.supabase.co/rest/v1/users?select=is_on_shift&telegram_id=eq.1893888757 "HTTP/2 200 OK"
2025-08-07 13:45:33,270 - INFO - HTTP Request: GET https://desgxzdvmuwywlfguzpz.supabase.co/rest/v1/users?select=state_id&telegram_id=eq.1893888757 "HTTP/2 200 OK"
2025-08-07 13:45:50,129 - INFO - HTTP Request: PATCH https://desgxzdvmuwywlfguzpz.supabase.co/rest/v1/users?telegram_id=eq.1893888757 "HTTP/2 200 OK"
2025-08-07 13:45:50,353 - INFO - HTTP Request: GET https://desgxzdvmuwywlfguzpz.supabase.co/rest/v1/users?select=role&telegram_id=eq.1893888757 "HTTP/2 200 OK"
2025-08-07 13:45:50,441 - INFO - HTTP Request: GET https://desgxzdvmuwywlfguzpz.supabase.co/rest/v1/users?select=is_on_shift&telegram_id=eq.1893888757 "HTTP/2 200 OK"
2025-08-07 13:45:50,586 - INFO - HTTP Request: GET https://desgxzdvmuwywlfguzpz.supabase.co/rest/v1/users?select=state_id&telegram_id=eq.1893888757 "HTTP/2 200 OK"
2025-08-07 13:50:00,164 - INFO - Starting bot polling...
2025-08-07 13:50:45,126 - INFO - HTTP Request: GET https://desgxzdvmuwywlfguzpz.supabase.co/rest/v1/users?select=telegram_id&telegram_id=eq.719374436 "HTTP/2 200 OK"
2025-08-07 13:50:45,234 - INFO - HTTP Request: GET https://desgxzdvmuwywlfguzpz.supabase.co/rest/v1/users?select=role&telegram_id=eq.719374436 "HTTP/2 200 OK"
2025-08-07 13:50:45,572 - INFO - HTTP Request: GET https://desgxzdvmuwywlfguzpz.supabase.co/rest/v1/users?select=role&telegram_id=eq.719374436 "HTTP/2 200 OK"
2025-08-07 13:50:45,661 - INFO - HTTP Request: GET https://desgxzdvmuwywlfguzpz.supabase.co/rest/v1/users?select=is_on_shift&telegram_id=eq.719374436 "HTTP/2 200 OK"
2025-08-07 13:50:45,809 - INFO - HTTP Request: GET https://desgxzdvmuwywlfguzpz.supabase.co/rest/v1/users?select=state_id&telegram_id=eq.719374436 "HTTP/2 200 OK"
2025-08-07 13:50:48,501 - INFO - HTTP Request: PATCH https://desgxzdvmuwywlfguzpz.supabase.co/rest/v1/users?telegram_id=eq.719374436 "HTTP/2 200 OK"
2025-08-07 13:50:48,677 - INFO - HTTP Request: GET https://desgxzdvmuwywlfguzpz.supabase.co/rest/v1/users?select=role&telegram_id=eq.719374436 "HTTP/2 200 OK"
2025-08-07 13:50:48,832 - INFO - HTTP Request: GET https://desgxzdvmuwywlfguzpz.supabase.co/rest/v1/users?select=is_on_shift&telegram_id=eq.719374436 "HTTP/2 200 OK"
2025-08-07 13:50:48,927 - INFO - HTTP Request: GET https://desgxzdvmuwywlfguzpz.supabase.co/rest/v1/users?select=state_id&telegram_id=eq.719374436 "HTTP/2 200 OK"
2025-08-07 13:50:51,795 - INFO - HTTP Request: PATCH https://desgxzdvmuwywlfguzpz.supabase.co/rest/v1/users?telegram_id=eq.719374436 "HTTP/2 200 OK"
2025-08-07 13:50:52,184 - INFO - HTTP Request: GET https://desgxzdvmuwywlfguzpz.supabase.co/rest/v1/users?select=role&telegram_id=eq.719374436 "HTTP/2 200 OK"
2025-08-07 13:50:52,260 - INFO - HTTP Request: GET https://desgxzdvmuwywlfguzpz.supabase.co/rest/v1/users?select=is_on_shift&telegram_id=eq.719374436 "HTTP/2 200 OK"
2025-08-07 13:50:52,401 - INFO - HTTP Request: GET https://desgxzdvmuwywlfguzpz.supabase.co/rest/v1/users?select=state_id&telegram_id=eq.719374436 "HTTP/2 200 OK"
2025-08-07 13:50:56,385 - INFO - HTTP Request: GET https://desgxzdvmuwywlfguzpz.supabase.co/rest/v1/users?select=telegram_id&telegram_id=eq.1893888757 "HTTP/2 200 OK"
2025-08-07 13:50:56,457 - INFO - HTTP Request: GET https://desgxzdvmuwywlfguzpz.supabase.co/rest/v1/users?select=role&telegram_id=eq.1893888757 "HTTP/2 200 OK"
2025-08-07 13:50:56,611 - INFO - HTTP Request: GET https://desgxzdvmuwywlfguzpz.supabase.co/rest/v1/users?select=role&telegram_id=eq.1893888757 "HTTP/2 200 OK"
2025-08-07 13:50:56,696 - INFO - HTTP Request: GET https://desgxzdvmuwywlfguzpz.supabase.co/rest/v1/users?select=is_on_shift&telegram_id=eq.1893888757 "HTTP/2 200 OK"
2025-08-07 13:50:56,767 - INFO - HTTP Request: GET https://desgxzdvmuwywlfguzpz.supabase.co/rest/v1/users?select=state_id&telegram_id=eq.1893888757 "HTTP/2 200 OK"
2025-08-07 13:50:58,537 - INFO - HTTP Request: PATCH https://desgxzdvmuwywlfguzpz.supabase.co/rest/v1/users?telegram_id=eq.1893888757 "HTTP/2 200 OK"
2025-08-07 13:50:58,757 - INFO - HTTP Request: GET https://desgxzdvmuwywlfguzpz.supabase.co/rest/v1/users?select=role&telegram_id=eq.1893888757 "HTTP/2 200 OK"
2025-08-07 13:50:58,825 - INFO - HTTP Request: GET https://desgxzdvmuwywlfguzpz.supabase.co/rest/v1/users?select=is_on_shift&telegram_id=eq.1893888757 "HTTP/2 200 OK"
2025-08-07 13:50:58,891 - INFO - HTTP Request: GET https://desgxzdvmuwywlfguzpz.supabase.co/rest/v1/users?select=state_id&telegram_id=eq.1893888757 "HTTP/2 200 OK"
2025-08-07 13:51:02,172 - INFO - HTTP Request: PATCH https://desgxzdvmuwywlfguzpz.supabase.co/rest/v1/users?telegram_id=eq.1893888757 "HTTP/2 200 OK"
2025-08-07 13:51:02,394 - INFO - HTTP Request: GET https://desgxzdvmuwywlfguzpz.supabase.co/rest/v1/users?select=role&telegram_id=eq.1893888757 "HTTP/2 200 OK"
2025-08-07 13:51:02,464 - INFO - HTTP Request: GET https://desgxzdvmuwywlfguzpz.supabase.co/rest/v1/users?select=is_on_shift&telegram_id=eq.1893888757 "HTTP/2 200 OK"
2025-08-07 13:51:02,528 - INFO - HTTP Request: GET https://desgxzdvmuwywlfguzpz.supabase.co/rest/v1/users?select=state_id&telegram_id=eq.1893888757 "HTTP/2 200 OK"
2025-08-07 13:51:10,381 - INFO - HTTP Request: PATCH https://desgxzdvmuwywlfguzpz.supabase.co/rest/v1/users?telegram_id=eq.1893888757 "HTTP/2 200 OK"
2025-08-07 13:51:10,539 - INFO - HTTP Request: GET https://desgxzdvmuwywlfguzpz.supabase.co/rest/v1/users?select=role&telegram_id=eq.1893888757 "HTTP/2 200 OK"
2025-08-07 13:51:10,604 - INFO - HTTP Request: GET https://desgxzdvmuwywlfguzpz.supabase.co/rest/v1/users?select=is_on_shift&telegram_id=eq.1893888757 "HTTP/2 200 OK"
2025-08-07 13:51:10,681 - INFO - HTTP Request: GET https://desgxzdvmuwywlfguzpz.supabase.co/rest/v1/users?select=state_id&telegram_id=eq.1893888757 "HTTP/2 200 OK"
2025-08-07 13:51:20,017 - INFO - HTTP Request: PATCH https://desgxzdvmuwywlfguzpz.supabase.co/rest/v1/users?telegram_id=eq.1893888757 "HTTP/2 200 OK"
2025-08-07 13:51:20,249 - INFO - HTTP Request: GET https://desgxzdvmuwywlfguzpz.supabase.co/rest/v1/users?select=role&telegram_id=eq.1893888757 "HTTP/2 200 OK"
2025-08-07 13:51:20,379 - INFO - HTTP Request: GET https://desgxzdvmuwywlfguzpz.supabase.co/rest/v1/users?select=is_on_shift&telegram_id=eq.1893888757 "HTTP/2 200 OK"
2025-08-07 13:51:20,506 - INFO - HTTP Request: GET https://desgxzdvmuwywlfguzpz.supabase.co/rest/v1/users?select=state_id&telegram_id=eq.1893888757 "HTTP/2 200 OK"
2025-08-07 13:51:23,290 - INFO - HTTP Request: PATCH https://desgxzdvmuwywlfguzpz.supabase.co/rest/v1/users?telegram_id=eq.1893888757 "HTTP/2 200 OK"
2025-08-07 13:51:23,510 - INFO - HTTP Request: GET https://desgxzdvmuwywlfguzpz.supabase.co/rest/v1/users?select=role&telegram_id=eq.1893888757 "HTTP/2 200 OK"
2025-08-07 13:51:23,645 - INFO - HTTP Request: GET https://desgxzdvmuwywlfguzpz.supabase.co/rest/v1/users?select=is_on_shift&telegram_id=eq.1893888757 "HTTP/2 200 OK"
2025-08-07 13:51:23,812 - INFO - HTTP Request: GET https://desgxzdvmuwywlfguzpz.supabase.co/rest/v1/users?select=state_id&telegram_id=eq.1893888757 "HTTP/2 200 OK"
2025-08-07 13:51:25,342 - INFO - HTTP Request: PATCH https://desgxzdvmuwywlfguzpz.supabase.co/rest/v1/users?telegram_id=eq.1893888757 "HTTP/2 200 OK"
2025-08-07 13:51:25,572 - INFO - HTTP Request: GET https://desgxzdvmuwywlfguzpz.supabase.co/rest/v1/users?select=role&telegram_id=eq.1893888757 "HTTP/2 200 OK"
2025-08-07 13:51:25,677 - INFO - HTTP Request: GET https://desgxzdvmuwywlfguzpz.supabase.co/rest/v1/users?select=is_on_shift&telegram_id=eq.1893888757 "HTTP/2 200 OK"
2025-08-07 13:51:25,748 - INFO - HTTP Request: GET https://desgxzdvmuwywlfguzpz.supabase.co/rest/v1/users?select=state_id&telegram_id=eq.1893888757 "HTTP/2 200 OK"
2025-08-07 13:56:12,096 - INFO - HTTP Request: GET https://desgxzdvmuwywlfguzpz.supabase.co/rest/v1/users?select=role&telegram_id=eq.1893888757 "HTTP/2 200 OK"
2025-08-07 13:56:14,287 - INFO - HTTP Request: GET https://desgxzdvmuwywlfguzpz.supabase.co/rest/v1/users?select=telegram_id&telegram_id=eq.1893888757 "HTTP/2 200 OK"
2025-08-07 13:56:20,913 - INFO - HTTP Request: GET https://desgxzdvmuwywlfguzpz.supabase.co/rest/v1/users?select=phone_number&phone_number=eq.89683606929 "HTTP/2 200 OK"
2025-08-07 13:56:21,071 - INFO - HTTP Request: PATCH https://desgxzdvmuwywlfguzpz.supabase.co/rest/v1/users?phone_number=eq.89683606929 "HTTP/2 200 OK"
2025-08-07 13:56:21,208 - INFO - HTTP Request: GET https://desgxzdvmuwywlfguzpz.supabase.co/rest/v1/users?select=telegram_id&telegram_id=eq.1893888757 "HTTP/2 200 OK"
2025-08-07 13:56:21,354 - INFO - HTTP Request: GET https://desgxzdvmuwywlfguzpz.supabase.co/rest/v1/users?select=role&telegram_id=eq.1893888757 "HTTP/2 200 OK"
2025-08-07 13:56:21,512 - INFO - HTTP Request: GET https://desgxzdvmuwywlfguzpz.supabase.co/rest/v1/users?select=role&telegram_id=eq.1893888757 "HTTP/2 200 OK"
2025-08-07 13:56:21,648 - INFO - HTTP Request: GET https://desgxzdvmuwywlfguzpz.supabase.co/rest/v1/users?select=is_on_shift&telegram_id=eq.1893888757 "HTTP/2 200 OK"
2025-08-07 13:56:21,724 - INFO - HTTP Request: GET https://desgxzdvmuwywlfguzpz.supabase.co/rest/v1/users?select=state_id&telegram_id=eq.1893888757 "HTTP/2 200 OK"
2025-08-07 13:56:22,981 - INFO - HTTP Request: PATCH https://desgxzdvmuwywlfguzpz.supabase.co/rest/v1/users?telegram_id=eq.1893888757 "HTTP/2 200 OK"
2025-08-07 13:56:23,191 - INFO - HTTP Request: GET https://desgxzdvmuwywlfguzpz.supabase.co/rest/v1/users?select=role&telegram_id=eq.1893888757 "HTTP/2 200 OK"
2025-08-07 13:56:23,276 - INFO - HTTP Request: GET https://desgxzdvmuwywlfguzpz.supabase.co/rest/v1/users?select=is_on_shift&telegram_id=eq.1893888757 "HTTP/2 200 OK"
2025-08-07 13:56:23,414 - INFO - HTTP Request: GET https://desgxzdvmuwywlfguzpz.supabase.co/rest/v1/users?select=state_id&telegram_id=eq.1893888757 "HTTP/2 200 OK"
2025-08-07 13:56:25,139 - INFO - HTTP Request: PATCH https://desgxzdvmuwywlfguzpz.supabase.co/rest/v1/users?telegram_id=eq.1893888757 "HTTP/2 200 OK"
2025-08-07 13:56:25,374 - INFO - HTTP Request: GET https://desgxzdvmuwywlfguzpz.supabase.co/rest/v1/users?select=role&telegram_id=eq.1893888757 "HTTP/2 200 OK"
2025-08-07 13:56:25,450 - INFO - HTTP Request: GET https://desgxzdvmuwywlfguzpz.supabase.co/rest/v1/users?select=is_on_shift&telegram_id=eq.1893888757 "HTTP/2 200 OK"
2025-08-07 13:56:25,585 - INFO - HTTP Request: GET https://desgxzdvmuwywlfguzpz.supabase.co/rest/v1/users?select=state_id&telegram_id=eq.1893888757 "HTTP/2 200 OK"
2025-08-07 13:56:28,949 - INFO - HTTP Request: PATCH https://desgxzdvmuwywlfguzpz.supabase.co/rest/v1/users?telegram_id=eq.1893888757 "HTTP/2 200 OK"
2025-08-07 13:56:29,118 - INFO - HTTP Request: GET https://desgxzdvmuwywlfguzpz.supabase.co/rest/v1/users?select=role&telegram_id=eq.1893888757 "HTTP/2 200 OK"
2025-08-07 13:56:29,201 - INFO - HTTP Request: GET https://desgxzdvmuwywlfguzpz.supabase.co/rest/v1/users?select=is_on_shift&telegram_id=eq.1893888757 "HTTP/2 200 OK"
2025-08-07 13:56:29,336 - INFO - HTTP Request: GET https://desgxzdvmuwywlfguzpz.supabase.co/rest/v1/users?select=state_id&telegram_id=eq.1893888757 "HTTP/2 200 OK"
2025-08-07 13:56:34,067 - INFO - HTTP Request: PATCH https://desgxzdvmuwywlfguzpz.supabase.co/rest/v1/users?telegram_id=eq.1893888757 "HTTP/2 200 OK"
2025-08-07 13:56:34,455 - INFO - HTTP Request: GET https://desgxzdvmuwywlfguzpz.supabase.co/rest/v1/users?select=role&telegram_id=eq.1893888757 "HTTP/2 200 OK"
2025-08-07 13:56:34,526 - INFO - HTTP Request: GET https://desgxzdvmuwywlfguzpz.supabase.co/rest/v1/users?select=is_on_shift&telegram_id=eq.1893888757 "HTTP/2 200 OK"
2025-08-07 13:56:34,610 - INFO - HTTP Request: GET https://desgxzdvmuwywlfguzpz.supabase.co/rest/v1/users?select=state_id&telegram_id=eq.1893888757 "HTTP/2 200 OK"
2025-08-07 13:56:37,309 - INFO - HTTP Request: PATCH https://desgxzdvmuwywlfguzpz.supabase.co/rest/v1/users?telegram_id=eq.1893888757 "HTTP/2 200 OK"
2025-08-07 13:56:37,473 - INFO - HTTP Request: GET https://desgxzdvmuwywlfguzpz.supabase.co/rest/v1/users?select=role&telegram_id=eq.1893888757 "HTTP/2 200 OK"
2025-08-07 13:56:37,579 - INFO - HTTP Request: GET https://desgxzdvmuwywlfguzpz.supabase.co/rest/v1/users?select=is_on_shift&telegram_id=eq.1893888757 "HTTP/2 200 OK"
2025-08-07 13:56:37,687 - INFO - HTTP Request: GET https://desgxzdvmuwywlfguzpz.supabase.co/rest/v1/users?select=state_id&telegram_id=eq.1893888757 "HTTP/2 200 OK"
2025-08-07 13:56:45,228 - INFO - HTTP Request: PATCH https://desgxzdvmuwywlfguzpz.supabase.co/rest/v1/users?telegram_id=eq.1893888757 "HTTP/2 200 OK"
2025-08-07 13:56:45,631 - INFO - HTTP Request: GET https://desgxzdvmuwywlfguzpz.supabase.co/rest/v1/users?select=role&telegram_id=eq.1893888757 "HTTP/2 200 OK"
2025-08-07 13:56:45,774 - INFO - HTTP Request: GET https://desgxzdvmuwywlfguzpz.supabase.co/rest/v1/users?select=is_on_shift&telegram_id=eq.1893888757 "HTTP/2 200 OK"
2025-08-07 13:56:45,911 - INFO - HTTP Request: GET https://desgxzdvmuwywlfguzpz.supabase.co/rest/v1/users?select=state_id&telegram_id=eq.1893888757 "HTTP/2 200 OK"
2025-08-07 13:58:28,194 - INFO - HTTP Request: GET https://desgxzdvmuwywlfguzpz.supabase.co/rest/v1/users?select=role&telegram_id=eq.1893888757 "HTTP/2 200 OK"
2025-08-07 13:58:30,254 - INFO - HTTP Request: GET https://desgxzdvmuwywlfguzpz.supabase.co/rest/v1/users?select=telegram_id&telegram_id=eq.1893888757 "HTTP/2 200 OK"
2025-08-07 13:58:30,346 - INFO - HTTP Request: GET https://desgxzdvmuwywlfguzpz.supabase.co/rest/v1/users?select=role&telegram_id=eq.1893888757 "HTTP/2 200 OK"
2025-08-07 13:58:30,553 - INFO - HTTP Request: GET https://desgxzdvmuwywlfguzpz.supabase.co/rest/v1/users?select=role&telegram_id=eq.1893888757 "HTTP/2 200 OK"
2025-08-07 13:58:32,402 - INFO - HTTP Request: GET https://desgxzdvmuwywlfguzpz.supabase.co/rest/v1/users?select=last_name%2Cfirst_name%2Csurname%2Cphone_number%2Cstate_id&role=eq.driver&is_on_shift=eq.True&state_id=in.%281%2C2%2C3%2C4%2C5%29 "HTTP/2 200 OK"
2025-08-07 13:58:32,692 - INFO - HTTP Request: GET https://desgxzdvmuwywlfguzpz.supabase.co/rest/v1/users?select=role&telegram_id=eq.1893888757 "HTTP/2 200 OK"
2025-08-07 13:59:07,181 - INFO - HTTP Request: GET https://desgxzdvmuwywlfguzpz.supabase.co/rest/v1/users?select=last_name%2Cfirst_name%2Csurname%2Cphone_number%2Cstate_id&role=eq.driver&is_on_shift=eq.True&state_id=in.%281%2C2%2C3%2C4%2C5%29 "HTTP/2 200 OK"
2025-08-07 13:59:07,560 - INFO - HTTP Request: GET https://desgxzdvmuwywlfguzpz.supabase.co/rest/v1/users?select=role&telegram_id=eq.1893888757 "HTTP/2 200 OK"
2025-08-07 13:59:17,814 - INFO - HTTP Request: GET https://desgxzdvmuwywlfguzpz.supabase.co/rest/v1/users?select=last_name%2Cfirst_name%2Csurname%2Cphone_number%2Cstate_id&role=eq.driver&is_on_shift=eq.True&state_id=in.%281%2C2%2C3%2C4%2C5%29 "HTTP/2 200 OK"
2025-08-07 13:59:18,121 - INFO - HTTP Request: GET https://desgxzdvmuwywlfguzpz.supabase.co/rest/v1/users?select=role&telegram_id=eq.1893888757 "HTTP/2 200 OK"
2025-08-07 13:59:39,345 - INFO - HTTP Request: GET https://desgxzdvmuwywlfguzpz.supabase.co/rest/v1/users?select=last_name%2Cfirst_name%2Csurname%2Cphone_number%2Cstate_id&role=eq.driver&is_on_shift=eq.True&state_id=in.%281%2C2%2C3%2C4%2C5%29 "HTTP/2 200 OK"
2025-08-07 13:59:39,629 - INFO - HTTP Request: GET https://desgxzdvmuwywlfguzpz.supabase.co/rest/v1/users?select=role&telegram_id=eq.1893888757 "HTTP/2 200 OK"
2025-08-07 13:59:59,382 - INFO - HTTP Request: GET https://desgxzdvmuwywlfguzpz.supabase.co/rest/v1/users?select=last_name%2Cfirst_name%2Csurname%2Cphone_number%2Cstate_id&role=eq.driver&is_on_shift=eq.True&state_id=in.%281%2C2%2C3%2C4%2C5%29 "HTTP/2 200 OK"
2025-08-07 13:59:59,791 - INFO - HTTP Request: GET https://desgxzdvmuwywlfguzpz.supabase.co/rest/v1/users?select=role&telegram_id=eq.1893888757 "HTTP/2 200 OK"
2025-08-07 14:00:24,208 - INFO - HTTP Request: GET https://desgxzdvmuwywlfguzpz.supabase.co/rest/v1/users?select=last_name%2Cfirst_name%2Csurname%2Cphone_number%2Cstate_id&role=eq.driver&is_on_shift=eq.True&state_id=in.%281%2C2%2C3%2C4%2C5%29 "HTTP/2 200 OK"
2025-08-07 14:00:24,459 - INFO - HTTP Request: GET https://desgxzdvmuwywlfguzpz.supabase.co/rest/v1/users?select=role&telegram_id=eq.1893888757 "HTTP/2 200 OK"
2025-08-07 14:00:39,721 - INFO - HTTP Request: GET https://desgxzdvmuwywlfguzpz.supabase.co/rest/v1/users?select=last_name%2Cfirst_name%2Csurname%2Cphone_number%2Cstate_id&role=eq.driver&is_on_shift=eq.True&state_id=in.%281%2C2%2C3%2C4%2C5%29 "HTTP/2 200 OK"
2025-08-07 14:00:40,134 - INFO - HTTP Request: GET https://desgxzdvmuwywlfguzpz.supabase.co/rest/v1/users?select=role&telegram_id=eq.1893888757 "HTTP/2 200 OK"
2025-08-07 14:02:51,905 - INFO - HTTP Request: PATCH https://desgxzdvmuwywlfguzpz.supabase.co/rest/v1/users?telegram_id=eq.719374436 "HTTP/2 200 OK"
2025-08-07 14:02:52,457 - INFO - HTTP Request: GET https://desgxzdvmuwywlfguzpz.supabase.co/rest/v1/users?select=role&telegram_id=eq.719374436 "HTTP/2 200 OK"
2025-08-07 14:02:52,537 - INFO - HTTP Request: GET https://desgxzdvmuwywlfguzpz.supabase.co/rest/v1/users?select=is_on_shift&telegram_id=eq.719374436 "HTTP/2 200 OK"
2025-08-07 14:02:52,645 - INFO - HTTP Request: GET https://desgxzdvmuwywlfguzpz.supabase.co/rest/v1/users?select=state_id&telegram_id=eq.719374436 "HTTP/2 200 OK"
